<?xml version="1.0" encoding="UTF-8"?>
<testsuite xmlns:xsi="http://www.w3.org/2001/XMLSchema-instance" xsi:noNamespaceSchemaLocation="https://maven.apache.org/surefire/maven-surefire-plugin/xsd/surefire-test-report-3.0.xsd" version="3.0" name="spl.lae.LinearAlgebraEngineTest" time="0.626" tests="10" errors="0" skipped="0" failures="0">
  <properties>
[...]
</properties>
  <testcase name="testAssociativeNesting" classname="spl.lae.LinearAlgebraEngineTest" time="0.108">
    <system-out><![CDATA[Starting execution with 2 threads...
Computation finished successfully in 46ms.
--- Worker Activity Report ---
Worker 0: Fatigue=17809.120847840444, TimeUsed=26100, TimeIdle=19994700
Worker 1: Fatigue=9655.936000201467, TimeUsed=9200, TimeIdle=19597500

]]></system-out>
  </testcase>
  <testcase name="testAllOperationsComplex" classname="spl.lae.LinearAlgebraEngineTest" time="0.007">
    <system-out><![CDATA[Starting execution with 4 threads...
Computation finished successfully in 0ms.
--- Worker Activity Report ---
Worker 0: Fatigue=41223.121319884536, TimeUsed=30000, TimeIdle=2461700
Worker 1: Fatigue=25844.992151664712, TimeUsed=18500, TimeIdle=2309900
Worker 2: Fatigue=24736.493436307355, TimeUsed=33600, TimeIdle=2169400
Worker 3: Fatigue=34374.181260453035, TimeUsed=33000, TimeIdle=1965100

]]></system-out>
  </testcase>
  <testcase name="testHugeInput" classname="spl.lae.LinearAlgebraEngineTest" time="0.223">
    <system-out><![CDATA[Starting execution with 8 threads...
Computation finished successfully in 109ms.
--- Worker Activity Report ---
Worker 0: Fatigue=1510089.116010636, TimeUsed=2755900, TimeIdle=67479100
Worker 1: Fatigue=2265934.2004560456, TimeUsed=1871000, TimeIdle=68213600
Worker 2: Fatigue=2125901.256461666, TimeUsed=2270900, TimeIdle=67692000
Worker 3: Fatigue=2267908.4544205335, TimeUsed=2021500, TimeIdle=67850400
Worker 4: Fatigue=1906882.0812112947, TimeUsed=2446000, TimeIdle=67352800
Worker 5: Fatigue=2222739.860174195, TimeUsed=2153600, TimeIdle=67519500
Worker 6: Fatigue=2244552.118879885, TimeUsed=1843400, TimeIdle=67755100
Worker 7: Fatigue=2386842.7765128603, TimeUsed=1673900, TimeIdle=67821400

Huge input took: 111ms
]]></system-out>
  </testcase>
  <testcase name="testInvalidDimensions" classname="spl.lae.LinearAlgebraEngineTest" time="0.006">
    <system-out><![CDATA[Starting execution with 2 threads...
]]></system-out>
    <system-err><![CDATA[An error occurred: Matrix dimensions do not match for addition.
java.lang.IllegalArgumentException: Matrix dimensions do not match for addition.
	at spl.lae.LinearAlgebraEngine.loadAndCompute(LinearAlgebraEngine.java:50)
	at spl.lae.LinearAlgebraEngine.run(LinearAlgebraEngine.java:28)
	at spl.lae.Main.main(Main.java:37)
	at spl.lae.LinearAlgebraEngineTest.testInvalidDimensions(LinearAlgebraEngineTest.java:182)
	at java.base/jdk.internal.reflect.DirectMethodHandleAccessor.invoke(DirectMethodHandleAccessor.java:103)
	at java.base/java.lang.reflect.Method.invoke(Method.java:580)
	at org.junit.platform.commons.util.ReflectionUtils.invokeMethod(ReflectionUtils.java:728)
	at org.junit.jupiter.engine.execution.MethodInvocation.proceed(MethodInvocation.java:60)
	at org.junit.jupiter.engine.execution.InvocationInterceptorChain$ValidatingInvocation.proceed(InvocationInterceptorChain.java:131)
	at org.junit.jupiter.engine.extension.TimeoutExtension.intercept(TimeoutExtension.java:156)
	at org.junit.jupiter.engine.extension.TimeoutExtension.interceptTestableMethod(TimeoutExtension.java:147)
	at org.junit.jupiter.engine.extension.TimeoutExtension.interceptTestMethod(TimeoutExtension.java:86)
	at org.junit.jupiter.engine.execution.InterceptingExecutableInvoker$ReflectiveInterceptorCall.lambda$ofVoidMethod$0(InterceptingExecutableInvoker.java:103)
	at org.junit.jupiter.engine.execution.InterceptingExecutableInvoker.lambda$invoke$0(InterceptingExecutableInvoker.java:93)
	at org.junit.jupiter.engine.execution.InvocationInterceptorChain$InterceptedInvocation.proceed(InvocationInterceptorChain.java:106)
	at org.junit.jupiter.engine.execution.InvocationInterceptorChain.proceed(InvocationInterceptorChain.java:64)
	at org.junit.jupiter.engine.execution.InvocationInterceptorChain.chainAndInvoke(InvocationInterceptorChain.java:45)
	at org.junit.jupiter.engine.execution.InvocationInterceptorChain.invoke(InvocationInterceptorChain.java:37)
	at org.junit.jupiter.engine.execution.InterceptingExecutableInvoker.invoke(InterceptingExecutableInvoker.java:92)
	at org.junit.jupiter.engine.execution.InterceptingExecutableInvoker.invoke(InterceptingExecutableInvoker.java:86)
	at org.junit.jupiter.engine.descriptor.TestMethodTestDescriptor.lambda$invokeTestMethod$7(TestMethodTestDescriptor.java:218)
	at org.junit.platform.engine.support.hierarchical.ThrowableCollector.execute(ThrowableCollector.java:73)
	at org.junit.jupiter.engine.descriptor.TestMethodTestDescriptor.invokeTestMethod(TestMethodTestDescriptor.java:214)
	at org.junit.jupiter.engine.descriptor.TestMethodTestDescriptor.execute(TestMethodTestDescriptor.java:139)
	at org.junit.jupiter.engine.descriptor.TestMethodTestDescriptor.execute(TestMethodTestDescriptor.java:69)
	at org.junit.platform.engine.support.hierarchical.NodeTestTask.lambda$executeRecursively$6(NodeTestTask.java:151)
	at org.junit.platform.engine.support.hierarchical.ThrowableCollector.execute(ThrowableCollector.java:73)
	at org.junit.platform.engine.support.hierarchical.NodeTestTask.lambda$executeRecursively$8(NodeTestTask.java:141)
	at org.junit.platform.engine.support.hierarchical.Node.around(Node.java:137)
	at org.junit.platform.engine.support.hierarchical.NodeTestTask.lambda$executeRecursively$9(NodeTestTask.java:139)
	at org.junit.platform.engine.support.hierarchical.ThrowableCollector.execute(ThrowableCollector.java:73)
	at org.junit.platform.engine.support.hierarchical.NodeTestTask.executeRecursively(NodeTestTask.java:138)
	at org.junit.platform.engine.support.hierarchical.NodeTestTask.execute(NodeTestTask.java:95)
	at java.base/java.util.ArrayList.forEach(ArrayList.java:1597)
	at org.junit.platform.engine.support.hierarchical.SameThreadHierarchicalTestExecutorService.invokeAll(SameThreadHierarchicalTestExecutorService.java:41)
	at org.junit.platform.engine.support.hierarchical.NodeTestTask.lambda$executeRecursively$6(NodeTestTask.java:155)
	at org.junit.platform.engine.support.hierarchical.ThrowableCollector.execute(ThrowableCollector.java:73)
	at org.junit.platform.engine.support.hierarchical.NodeTestTask.lambda$executeRecursively$8(NodeTestTask.java:141)
	at org.junit.platform.engine.support.hierarchical.Node.around(Node.java:137)
	at org.junit.platform.engine.support.hierarchical.NodeTestTask.lambda$executeRecursively$9(NodeTestTask.java:139)
	at org.junit.platform.engine.support.hierarchical.ThrowableCollector.execute(ThrowableCollector.java:73)
	at org.junit.platform.engine.support.hierarchical.NodeTestTask.executeRecursively(NodeTestTask.java:138)
	at org.junit.platform.engine.support.hierarchical.NodeTestTask.execute(NodeTestTask.java:95)
	at java.base/java.util.ArrayList.forEach(ArrayList.java:1597)
	at org.junit.platform.engine.support.hierarchical.SameThreadHierarchicalTestExecutorService.invokeAll(SameThreadHierarchicalTestExecutorService.java:41)
	at org.junit.platform.engine.support.hierarchical.NodeTestTask.lambda$executeRecursively$6(NodeTestTask.java:155)
	at org.junit.platform.engine.support.hierarchical.ThrowableCollector.execute(ThrowableCollector.java:73)
	at org.junit.platform.engine.support.hierarchical.NodeTestTask.lambda$executeRecursively$8(NodeTestTask.java:141)
	at org.junit.platform.engine.support.hierarchical.Node.around(Node.java:137)
	at org.junit.platform.engine.support.hierarchical.NodeTestTask.lambda$executeRecursively$9(NodeTestTask.java:139)
	at org.junit.platform.engine.support.hierarchical.ThrowableCollector.execute(ThrowableCollector.java:73)
	at org.junit.platform.engine.support.hierarchical.NodeTestTask.executeRecursively(NodeTestTask.java:138)
	at org.junit.platform.engine.support.hierarchical.NodeTestTask.execute(NodeTestTask.java:95)
	at org.junit.platform.engine.support.hierarchical.SameThreadHierarchicalTestExecutorService.submit(SameThreadHierarchicalTestExecutorService.java:35)
	at org.junit.platform.engine.support.hierarchical.HierarchicalTestExecutor.execute(HierarchicalTestExecutor.java:57)
	at org.junit.platform.engine.support.hierarchical.HierarchicalTestEngine.execute(HierarchicalTestEngine.java:54)
	at org.junit.platform.launcher.core.EngineExecutionOrchestrator.execute(EngineExecutionOrchestrator.java:198)
	at org.junit.platform.launcher.core.EngineExecutionOrchestrator.execute(EngineExecutionOrchestrator.java:169)
	at org.junit.platform.launcher.core.EngineExecutionOrchestrator.execute(EngineExecutionOrchestrator.java:93)
	at org.junit.platform.launcher.core.EngineExecutionOrchestrator.lambda$execute$0(EngineExecutionOrchestrator.java:58)
	at org.junit.platform.launcher.core.EngineExecutionOrchestrator.withInterceptedStreams(EngineExecutionOrchestrator.java:141)
	at org.junit.platform.launcher.core.EngineExecutionOrchestrator.execute(EngineExecutionOrchestrator.java:57)
	at org.junit.platform.launcher.core.DefaultLauncher.execute(DefaultLauncher.java:103)
	at org.junit.platform.launcher.core.DefaultLauncher.execute(DefaultLauncher.java:85)
	at org.junit.platform.launcher.core.DelegatingLauncher.execute(DelegatingLauncher.java:47)
	at org.apache.maven.surefire.junitplatform.LazyLauncher.execute(LazyLauncher.java:56)
	at org.apache.maven.surefire.junitplatform.JUnitPlatformProvider.execute(JUnitPlatformProvider.java:184)
	at org.apache.maven.surefire.junitplatform.JUnitPlatformProvider.invokeAllTests(JUnitPlatformProvider.java:148)
	at org.apache.maven.surefire.junitplatform.JUnitPlatformProvider.invoke(JUnitPlatformProvider.java:122)
	at org.apache.maven.surefire.booter.ForkedBooter.runSuitesInProcess(ForkedBooter.java:385)
	at org.apache.maven.surefire.booter.ForkedBooter.execute(ForkedBooter.java:162)
	at org.apache.maven.surefire.booter.ForkedBooter.run(ForkedBooter.java:507)
	at org.apache.maven.surefire.booter.ForkedBooter.main(ForkedBooter.java:495)
]]></system-err>
  </testcase>
  <testcase name="testHighThreadCount" classname="spl.lae.LinearAlgebraEngineTest" time="0.015">
    <system-out><![CDATA[Starting execution with 100 threads...
Computation finished successfully in 0ms.
--- Worker Activity Report ---
Worker 0: Fatigue=41555.70446094996, TimeUsed=46600, TimeIdle=14083400
Worker 1: Fatigue=0.0, TimeUsed=0, TimeIdle=13940300
Worker 2: Fatigue=0.0, TimeUsed=0, TimeIdle=13745700
Worker 3: Fatigue=0.0, TimeUsed=0, TimeIdle=13608700
Worker 4: Fatigue=0.0, TimeUsed=0, TimeIdle=13531600
Worker 5: Fatigue=0.0, TimeUsed=0, TimeIdle=13476100
Worker 6: Fatigue=0.0, TimeUsed=0, TimeIdle=13356100
Worker 7: Fatigue=0.0, TimeUsed=0, TimeIdle=13254200
Worker 8: Fatigue=0.0, TimeUsed=0, TimeIdle=13184000
Worker 9: Fatigue=0.0, TimeUsed=0, TimeIdle=13053100
Worker 10: Fatigue=0.0, TimeUsed=0, TimeIdle=12908200
Worker 11: Fatigue=0.0, TimeUsed=0, TimeIdle=12753800
Worker 12: Fatigue=0.0, TimeUsed=0, TimeIdle=12460900
Worker 13: Fatigue=0.0, TimeUsed=0, TimeIdle=12277600
Worker 14: Fatigue=0.0, TimeUsed=0, TimeIdle=12126500
Worker 15: Fatigue=0.0, TimeUsed=0, TimeIdle=12000600
Worker 16: Fatigue=0.0, TimeUsed=0, TimeIdle=11816300
Worker 17: Fatigue=0.0, TimeUsed=0, TimeIdle=11655100
Worker 18: Fatigue=0.0, TimeUsed=0, TimeIdle=11560900
Worker 19: Fatigue=0.0, TimeUsed=0, TimeIdle=11483900
Worker 20: Fatigue=0.0, TimeUsed=0, TimeIdle=11284800
Worker 21: Fatigue=0.0, TimeUsed=0, TimeIdle=11070600
Worker 22: Fatigue=0.0, TimeUsed=0, TimeIdle=10973400
Worker 23: Fatigue=0.0, TimeUsed=0, TimeIdle=10861100
Worker 24: Fatigue=0.0, TimeUsed=0, TimeIdle=10700200
Worker 25: Fatigue=0.0, TimeUsed=0, TimeIdle=10599300
Worker 26: Fatigue=0.0, TimeUsed=0, TimeIdle=10519200
Worker 27: Fatigue=0.0, TimeUsed=0, TimeIdle=10424800
Worker 28: Fatigue=0.0, TimeUsed=0, TimeIdle=10221200
Worker 29: Fatigue=0.0, TimeUsed=0, TimeIdle=10112300
Worker 30: Fatigue=0.0, TimeUsed=0, TimeIdle=9990900
Worker 31: Fatigue=0.0, TimeUsed=0, TimeIdle=9883400
Worker 32: Fatigue=0.0, TimeUsed=0, TimeIdle=9685500
Worker 33: Fatigue=0.0, TimeUsed=0, TimeIdle=9573600
Worker 34: Fatigue=0.0, TimeUsed=0, TimeIdle=9516100
Worker 35: Fatigue=0.0, TimeUsed=0, TimeIdle=9345800
Worker 36: Fatigue=0.0, TimeUsed=0, TimeIdle=9089400
Worker 37: Fatigue=0.0, TimeUsed=0, TimeIdle=8994300
Worker 38: Fatigue=0.0, TimeUsed=0, TimeIdle=8947400
Worker 39: Fatigue=0.0, TimeUsed=0, TimeIdle=8807200
Worker 40: Fatigue=0.0, TimeUsed=0, TimeIdle=8640600
Worker 41: Fatigue=0.0, TimeUsed=0, TimeIdle=8523600
Worker 42: Fatigue=0.0, TimeUsed=0, TimeIdle=8442100
Worker 43: Fatigue=0.0, TimeUsed=0, TimeIdle=8298000
Worker 44: Fatigue=0.0, TimeUsed=0, TimeIdle=8090100
Worker 45: Fatigue=0.0, TimeUsed=0, TimeIdle=7980500
Worker 46: Fatigue=0.0, TimeUsed=0, TimeIdle=7958400
Worker 47: Fatigue=0.0, TimeUsed=0, TimeIdle=7847300
Worker 48: Fatigue=0.0, TimeUsed=0, TimeIdle=7581100
Worker 49: Fatigue=0.0, TimeUsed=0, TimeIdle=7412600
Worker 50: Fatigue=0.0, TimeUsed=0, TimeIdle=7328800
Worker 51: Fatigue=0.0, TimeUsed=0, TimeIdle=7173400
Worker 52: Fatigue=0.0, TimeUsed=0, TimeIdle=6945900
Worker 53: Fatigue=0.0, TimeUsed=0, TimeIdle=6852500
Worker 54: Fatigue=0.0, TimeUsed=0, TimeIdle=6814400
Worker 55: Fatigue=0.0, TimeUsed=0, TimeIdle=6683300
Worker 56: Fatigue=0.0, TimeUsed=0, TimeIdle=6348500
Worker 57: Fatigue=0.0, TimeUsed=0, TimeIdle=6191300
Worker 58: Fatigue=0.0, TimeUsed=0, TimeIdle=6137900
Worker 59: Fatigue=0.0, TimeUsed=0, TimeIdle=6031100
Worker 60: Fatigue=0.0, TimeUsed=0, TimeIdle=5804200
Worker 61: Fatigue=0.0, TimeUsed=0, TimeIdle=5660900
Worker 62: Fatigue=0.0, TimeUsed=0, TimeIdle=5665000
Worker 63: Fatigue=0.0, TimeUsed=0, TimeIdle=5408600
Worker 64: Fatigue=0.0, TimeUsed=0, TimeIdle=5170500
Worker 65: Fatigue=0.0, TimeUsed=0, TimeIdle=5072700
Worker 66: Fatigue=0.0, TimeUsed=0, TimeIdle=5091500
Worker 67: Fatigue=0.0, TimeUsed=0, TimeIdle=4954200
Worker 68: Fatigue=0.0, TimeUsed=0, TimeIdle=4639300
Worker 69: Fatigue=0.0, TimeUsed=0, TimeIdle=4417000
Worker 70: Fatigue=0.0, TimeUsed=0, TimeIdle=4363200
Worker 71: Fatigue=0.0, TimeUsed=0, TimeIdle=4269400
Worker 72: Fatigue=0.0, TimeUsed=0, TimeIdle=4027900
Worker 73: Fatigue=0.0, TimeUsed=0, TimeIdle=3940700
Worker 74: Fatigue=0.0, TimeUsed=0, TimeIdle=3909100
Worker 75: Fatigue=0.0, TimeUsed=0, TimeIdle=3817400
Worker 76: Fatigue=0.0, TimeUsed=0, TimeIdle=3669800
Worker 77: Fatigue=0.0, TimeUsed=0, TimeIdle=3576000
Worker 78: Fatigue=0.0, TimeUsed=0, TimeIdle=3608600
Worker 79: Fatigue=0.0, TimeUsed=0, TimeIdle=3528200
Worker 80: Fatigue=0.0, TimeUsed=0, TimeIdle=3354300
Worker 81: Fatigue=0.0, TimeUsed=0, TimeIdle=3272500
Worker 82: Fatigue=0.0, TimeUsed=0, TimeIdle=3307700
Worker 83: Fatigue=0.0, TimeUsed=0, TimeIdle=3213300
Worker 84: Fatigue=0.0, TimeUsed=0, TimeIdle=3003300
Worker 85: Fatigue=0.0, TimeUsed=0, TimeIdle=2843500
Worker 86: Fatigue=0.0, TimeUsed=0, TimeIdle=2798900
Worker 87: Fatigue=0.0, TimeUsed=0, TimeIdle=2709900
Worker 88: Fatigue=0.0, TimeUsed=0, TimeIdle=2570000
Worker 89: Fatigue=0.0, TimeUsed=0, TimeIdle=2489200
Worker 90: Fatigue=0.0, TimeUsed=0, TimeIdle=2463300
Worker 91: Fatigue=0.0, TimeUsed=0, TimeIdle=2373900
Worker 92: Fatigue=0.0, TimeUsed=0, TimeIdle=2221300
Worker 93: Fatigue=0.0, TimeUsed=0, TimeIdle=2143800
Worker 94: Fatigue=0.0, TimeUsed=0, TimeIdle=2123200
Worker 95: Fatigue=0.0, TimeUsed=0, TimeIdle=2056300
Worker 96: Fatigue=0.0, TimeUsed=0, TimeIdle=1889000
Worker 97: Fatigue=0.0, TimeUsed=0, TimeIdle=1812200
Worker 98: Fatigue=0.0, TimeUsed=0, TimeIdle=1749500
Worker 99: Fatigue=53789.78481536704, TimeUsed=42000, TimeIdle=1626700

]]></system-out>
  </testcase>
  <testcase name="testInterruption" classname="spl.lae.LinearAlgebraEngineTest" time="0.082">
    <system-out><![CDATA[Starting execution with 2 threads...
Computation finished successfully in 33ms.
--- Worker Activity Report ---
Worker 0: Fatigue=2091579.101199693, TimeUsed=1816700, TimeIdle=37362600
Worker 1: Fatigue=2095238.8753493899, TimeUsed=2606100, TimeIdle=36389700

]]></system-out>
  </testcase>
  <testcase name="testFourNestedMatrices" classname="spl.lae.LinearAlgebraEngineTest" time="0.009">
    <system-out><![CDATA[Starting execution with 4 threads...
Computation finished successfully in 2ms.
--- Worker Activity Report ---
Worker 0: Fatigue=27622.003035678877, TimeUsed=29100, TimeIdle=1946400
Worker 1: Fatigue=5178.381499818081, TimeUsed=6100, TimeIdle=1653900
Worker 2: Fatigue=0.0, TimeUsed=0, TimeIdle=1489400
Worker 3: Fatigue=39959.42653011138, TimeUsed=27100, TimeIdle=1333700

]]></system-out>
  </testcase>
  <testcase name="testTwiceNesting" classname="spl.lae.LinearAlgebraEngineTest" time="0.007">
    <system-out><![CDATA[Starting execution with 4 threads...
Computation finished successfully in 2ms.
--- Worker Activity Report ---
Worker 0: Fatigue=14307.539601147244, TimeUsed=14000, TimeIdle=3132500
Worker 1: Fatigue=8339.51856243507, TimeUsed=5700, TimeIdle=2389500
Worker 2: Fatigue=37216.9880166477, TimeUsed=29400, TimeIdle=1878200
Worker 3: Fatigue=6884.294953782644, TimeUsed=11400, TimeIdle=1731400

]]></system-out>
  </testcase>
  <testcase name="testMatrixWithNullValues" classname="spl.lae.LinearAlgebraEngineTest" time="0.009">
    <system-out><![CDATA[Starting execution with 2 threads...
Computation finished successfully in 1ms.
--- Worker Activity Report ---
Worker 0: Fatigue=14496.18056521825, TimeUsed=13100, TimeIdle=1345200
Worker 1: Fatigue=0.0, TimeUsed=0, TimeIdle=1091000

]]></system-out>
  </testcase>
  <testcase name="testIncorrectFilePaths" classname="spl.lae.LinearAlgebraEngineTest" time="0.011">
    <system-out><![CDATA[Starting execution with 2 threads...
Starting execution with 2 threads...
]]></system-out>
    <system-err><![CDATA[An error occurred: Failed to read the input JSON file: C:\Users\User\AppData\Local\Temp\junit395425317700483176\ghost.json (The system cannot find the file specified)
java.text.ParseException: Failed to read the input JSON file: C:\Users\User\AppData\Local\Temp\junit395425317700483176\ghost.json (The system cannot find the file specified)
	at parser.InputParser.parse(InputParser.java:23)
	at spl.lae.Main.main(Main.java:31)
	at spl.lae.LinearAlgebraEngineTest.testIncorrectFilePaths(LinearAlgebraEngineTest.java:268)
	at java.base/jdk.internal.reflect.DirectMethodHandleAccessor.invoke(DirectMethodHandleAccessor.java:103)
	at java.base/java.lang.reflect.Method.invoke(Method.java:580)
	at org.junit.platform.commons.util.ReflectionUtils.invokeMethod(ReflectionUtils.java:728)
	at org.junit.jupiter.engine.execution.MethodInvocation.proceed(MethodInvocation.java:60)
	at org.junit.jupiter.engine.execution.InvocationInterceptorChain$ValidatingInvocation.proceed(InvocationInterceptorChain.java:131)
	at org.junit.jupiter.engine.extension.TimeoutExtension.intercept(TimeoutExtension.java:156)
	at org.junit.jupiter.engine.extension.TimeoutExtension.interceptTestableMethod(TimeoutExtension.java:147)
	at org.junit.jupiter.engine.extension.TimeoutExtension.interceptTestMethod(TimeoutExtension.java:86)
	at org.junit.jupiter.engine.execution.InterceptingExecutableInvoker$ReflectiveInterceptorCall.lambda$ofVoidMethod$0(InterceptingExecutableInvoker.java:103)
	at org.junit.jupiter.engine.execution.InterceptingExecutableInvoker.lambda$invoke$0(InterceptingExecutableInvoker.java:93)
	at org.junit.jupiter.engine.execution.InvocationInterceptorChain$InterceptedInvocation.proceed(InvocationInterceptorChain.java:106)
	at org.junit.jupiter.engine.execution.InvocationInterceptorChain.proceed(InvocationInterceptorChain.java:64)
	at org.junit.jupiter.engine.execution.InvocationInterceptorChain.chainAndInvoke(InvocationInterceptorChain.java:45)
	at org.junit.jupiter.engine.execution.InvocationInterceptorChain.invoke(InvocationInterceptorChain.java:37)
	at org.junit.jupiter.engine.execution.InterceptingExecutableInvoker.invoke(InterceptingExecutableInvoker.java:92)
	at org.junit.jupiter.engine.execution.InterceptingExecutableInvoker.invoke(InterceptingExecutableInvoker.java:86)
	at org.junit.jupiter.engine.descriptor.TestMethodTestDescriptor.lambda$invokeTestMethod$7(TestMethodTestDescriptor.java:218)
	at org.junit.platform.engine.support.hierarchical.ThrowableCollector.execute(ThrowableCollector.java:73)
	at org.junit.jupiter.engine.descriptor.TestMethodTestDescriptor.invokeTestMethod(TestMethodTestDescriptor.java:214)
	at org.junit.jupiter.engine.descriptor.TestMethodTestDescriptor.execute(TestMethodTestDescriptor.java:139)
	at org.junit.jupiter.engine.descriptor.TestMethodTestDescriptor.execute(TestMethodTestDescriptor.java:69)
	at org.junit.platform.engine.support.hierarchical.NodeTestTask.lambda$executeRecursively$6(NodeTestTask.java:151)
	at org.junit.platform.engine.support.hierarchical.ThrowableCollector.execute(ThrowableCollector.java:73)
	at org.junit.platform.engine.support.hierarchical.NodeTestTask.lambda$executeRecursively$8(NodeTestTask.java:141)
	at org.junit.platform.engine.support.hierarchical.Node.around(Node.java:137)
	at org.junit.platform.engine.support.hierarchical.NodeTestTask.lambda$executeRecursively$9(NodeTestTask.java:139)
	at org.junit.platform.engine.support.hierarchical.ThrowableCollector.execute(ThrowableCollector.java:73)
	at org.junit.platform.engine.support.hierarchical.NodeTestTask.executeRecursively(NodeTestTask.java:138)
	at org.junit.platform.engine.support.hierarchical.NodeTestTask.execute(NodeTestTask.java:95)
	at java.base/java.util.ArrayList.forEach(ArrayList.java:1597)
	at org.junit.platform.engine.support.hierarchical.SameThreadHierarchicalTestExecutorService.invokeAll(SameThreadHierarchicalTestExecutorService.java:41)
	at org.junit.platform.engine.support.hierarchical.NodeTestTask.lambda$executeRecursively$6(NodeTestTask.java:155)
	at org.junit.platform.engine.support.hierarchical.ThrowableCollector.execute(ThrowableCollector.java:73)
	at org.junit.platform.engine.support.hierarchical.NodeTestTask.lambda$executeRecursively$8(NodeTestTask.java:141)
	at org.junit.platform.engine.support.hierarchical.Node.around(Node.java:137)
	at org.junit.platform.engine.support.hierarchical.NodeTestTask.lambda$executeRecursively$9(NodeTestTask.java:139)
	at org.junit.platform.engine.support.hierarchical.ThrowableCollector.execute(ThrowableCollector.java:73)
	at org.junit.platform.engine.support.hierarchical.NodeTestTask.executeRecursively(NodeTestTask.java:138)
	at org.junit.platform.engine.support.hierarchical.NodeTestTask.execute(NodeTestTask.java:95)
	at java.base/java.util.ArrayList.forEach(ArrayList.java:1597)
	at org.junit.platform.engine.support.hierarchical.SameThreadHierarchicalTestExecutorService.invokeAll(SameThreadHierarchicalTestExecutorService.java:41)
	at org.junit.platform.engine.support.hierarchical.NodeTestTask.lambda$executeRecursively$6(NodeTestTask.java:155)
	at org.junit.platform.engine.support.hierarchical.ThrowableCollector.execute(ThrowableCollector.java:73)
	at org.junit.platform.engine.support.hierarchical.NodeTestTask.lambda$executeRecursively$8(NodeTestTask.java:141)
	at org.junit.platform.engine.support.hierarchical.Node.around(Node.java:137)
	at org.junit.platform.engine.support.hierarchical.NodeTestTask.lambda$executeRecursively$9(NodeTestTask.java:139)
	at org.junit.platform.engine.support.hierarchical.ThrowableCollector.execute(ThrowableCollector.java:73)
	at org.junit.platform.engine.support.hierarchical.NodeTestTask.executeRecursively(NodeTestTask.java:138)
	at org.junit.platform.engine.support.hierarchical.NodeTestTask.execute(NodeTestTask.java:95)
	at org.junit.platform.engine.support.hierarchical.SameThreadHierarchicalTestExecutorService.submit(SameThreadHierarchicalTestExecutorService.java:35)
	at org.junit.platform.engine.support.hierarchical.HierarchicalTestExecutor.execute(HierarchicalTestExecutor.java:57)
	at org.junit.platform.engine.support.hierarchical.HierarchicalTestEngine.execute(HierarchicalTestEngine.java:54)
	at org.junit.platform.launcher.core.EngineExecutionOrchestrator.execute(EngineExecutionOrchestrator.java:198)
	at org.junit.platform.launcher.core.EngineExecutionOrchestrator.execute(EngineExecutionOrchestrator.java:169)
	at org.junit.platform.launcher.core.EngineExecutionOrchestrator.execute(EngineExecutionOrchestrator.java:93)
	at org.junit.platform.launcher.core.EngineExecutionOrchestrator.lambda$execute$0(EngineExecutionOrchestrator.java:58)
	at org.junit.platform.launcher.core.EngineExecutionOrchestrator.withInterceptedStreams(EngineExecutionOrchestrator.java:141)
	at org.junit.platform.launcher.core.EngineExecutionOrchestrator.execute(EngineExecutionOrchestrator.java:57)
	at org.junit.platform.launcher.core.DefaultLauncher.execute(DefaultLauncher.java:103)
	at org.junit.platform.launcher.core.DefaultLauncher.execute(DefaultLauncher.java:85)
	at org.junit.platform.launcher.core.DelegatingLauncher.execute(DelegatingLauncher.java:47)
	at org.apache.maven.surefire.junitplatform.LazyLauncher.execute(LazyLauncher.java:56)
	at org.apache.maven.surefire.junitplatform.JUnitPlatformProvider.execute(JUnitPlatformProvider.java:184)
	at org.apache.maven.surefire.junitplatform.JUnitPlatformProvider.invokeAllTests(JUnitPlatformProvider.java:148)
	at org.apache.maven.surefire.junitplatform.JUnitPlatformProvider.invoke(JUnitPlatformProvider.java:122)
	at org.apache.maven.surefire.booter.ForkedBooter.runSuitesInProcess(ForkedBooter.java:385)
	at org.apache.maven.surefire.booter.ForkedBooter.execute(ForkedBooter.java:162)
	at org.apache.maven.surefire.booter.ForkedBooter.run(ForkedBooter.java:507)
	at org.apache.maven.surefire.booter.ForkedBooter.main(ForkedBooter.java:495)
An error occurred: C:\Users\User\AppData\Local\Temp\junit395425317700483176 (Access is denied)
java.io.FileNotFoundException: C:\Users\User\AppData\Local\Temp\junit395425317700483176 (Access is denied)
	at java.base/java.io.FileOutputStream.open0(Native Method)
	at java.base/java.io.FileOutputStream.open(FileOutputStream.java:295)
	at java.base/java.io.FileOutputStream.<init>(FileOutputStream.java:237)
	at java.base/java.io.FileOutputStream.<init>(FileOutputStream.java:185)
	at com.fasterxml.jackson.core.TokenStreamFactory._fileOutputStream(TokenStreamFactory.java:334)
	at com.fasterxml.jackson.core.JsonFactory.createGenerator(JsonFactory.java:1558)
	at com.fasterxml.jackson.databind.ObjectWriter.createGenerator(ObjectWriter.java:764)
	at com.fasterxml.jackson.databind.ObjectWriter.writeValue(ObjectWriter.java:1081)
	at parser.OutputWriter.write(OutputWriter.java:26)
	at spl.lae.Main.main(Main.java:40)
	at spl.lae.LinearAlgebraEngineTest.lambda$1(LinearAlgebraEngineTest.java:283)
	at org.junit.jupiter.api.AssertThrows.assertThrows(AssertThrows.java:53)
	at org.junit.jupiter.api.AssertThrows.assertThrows(AssertThrows.java:39)
	at org.junit.jupiter.api.Assertions.assertThrows(Assertions.java:3131)
	at spl.lae.LinearAlgebraEngineTest.testIncorrectFilePaths(LinearAlgebraEngineTest.java:282)
	at java.base/jdk.internal.reflect.DirectMethodHandleAccessor.invoke(DirectMethodHandleAccessor.java:103)
	at java.base/java.lang.reflect.Method.invoke(Method.java:580)
	at org.junit.platform.commons.util.ReflectionUtils.invokeMethod(ReflectionUtils.java:728)
	at org.junit.jupiter.engine.execution.MethodInvocation.proceed(MethodInvocation.java:60)
	at org.junit.jupiter.engine.execution.InvocationInterceptorChain$ValidatingInvocation.proceed(InvocationInterceptorChain.java:131)
	at org.junit.jupiter.engine.extension.TimeoutExtension.intercept(TimeoutExtension.java:156)
	at org.junit.jupiter.engine.extension.TimeoutExtension.interceptTestableMethod(TimeoutExtension.java:147)
	at org.junit.jupiter.engine.extension.TimeoutExtension.interceptTestMethod(TimeoutExtension.java:86)
	at org.junit.jupiter.engine.execution.InterceptingExecutableInvoker$ReflectiveInterceptorCall.lambda$ofVoidMethod$0(InterceptingExecutableInvoker.java:103)
	at org.junit.jupiter.engine.execution.InterceptingExecutableInvoker.lambda$invoke$0(InterceptingExecutableInvoker.java:93)
	at org.junit.jupiter.engine.execution.InvocationInterceptorChain$InterceptedInvocation.proceed(InvocationInterceptorChain.java:106)
	at org.junit.jupiter.engine.execution.InvocationInterceptorChain.proceed(InvocationInterceptorChain.java:64)
	at org.junit.jupiter.engine.execution.InvocationInterceptorChain.chainAndInvoke(InvocationInterceptorChain.java:45)
	at org.junit.jupiter.engine.execution.InvocationInterceptorChain.invoke(InvocationInterceptorChain.java:37)
	at org.junit.jupiter.engine.execution.InterceptingExecutableInvoker.invoke(InterceptingExecutableInvoker.java:92)
	at org.junit.jupiter.engine.execution.InterceptingExecutableInvoker.invoke(InterceptingExecutableInvoker.java:86)
	at org.junit.jupiter.engine.descriptor.TestMethodTestDescriptor.lambda$invokeTestMethod$7(TestMethodTestDescriptor.java:218)
	at org.junit.platform.engine.support.hierarchical.ThrowableCollector.execute(ThrowableCollector.java:73)
	at org.junit.jupiter.engine.descriptor.TestMethodTestDescriptor.invokeTestMethod(TestMethodTestDescriptor.java:214)
	at org.junit.jupiter.engine.descriptor.TestMethodTestDescriptor.execute(TestMethodTestDescriptor.java:139)
	at org.junit.jupiter.engine.descriptor.TestMethodTestDescriptor.execute(TestMethodTestDescriptor.java:69)
	at org.junit.platform.engine.support.hierarchical.NodeTestTask.lambda$executeRecursively$6(NodeTestTask.java:151)
	at org.junit.platform.engine.support.hierarchical.ThrowableCollector.execute(ThrowableCollector.java:73)
	at org.junit.platform.engine.support.hierarchical.NodeTestTask.lambda$executeRecursively$8(NodeTestTask.java:141)
	at org.junit.platform.engine.support.hierarchical.Node.around(Node.java:137)
	at org.junit.platform.engine.support.hierarchical.NodeTestTask.lambda$executeRecursively$9(NodeTestTask.java:139)
	at org.junit.platform.engine.support.hierarchical.ThrowableCollector.execute(ThrowableCollector.java:73)
	at org.junit.platform.engine.support.hierarchical.NodeTestTask.executeRecursively(NodeTestTask.java:138)
	at org.junit.platform.engine.support.hierarchical.NodeTestTask.execute(NodeTestTask.java:95)
	at java.base/java.util.ArrayList.forEach(ArrayList.java:1597)
	at org.junit.platform.engine.support.hierarchical.SameThreadHierarchicalTestExecutorService.invokeAll(SameThreadHierarchicalTestExecutorService.java:41)
	at org.junit.platform.engine.support.hierarchical.NodeTestTask.lambda$executeRecursively$6(NodeTestTask.java:155)
	at org.junit.platform.engine.support.hierarchical.ThrowableCollector.execute(ThrowableCollector.java:73)
	at org.junit.platform.engine.support.hierarchical.NodeTestTask.lambda$executeRecursively$8(NodeTestTask.java:141)
	at org.junit.platform.engine.support.hierarchical.Node.around(Node.java:137)
	at org.junit.platform.engine.support.hierarchical.NodeTestTask.lambda$executeRecursively$9(NodeTestTask.java:139)
	at org.junit.platform.engine.support.hierarchical.ThrowableCollector.execute(ThrowableCollector.java:73)
	at org.junit.platform.engine.support.hierarchical.NodeTestTask.executeRecursively(NodeTestTask.java:138)
	at org.junit.platform.engine.support.hierarchical.NodeTestTask.execute(NodeTestTask.java:95)
	at java.base/java.util.ArrayList.forEach(ArrayList.java:1597)
	at org.junit.platform.engine.support.hierarchical.SameThreadHierarchicalTestExecutorService.invokeAll(SameThreadHierarchicalTestExecutorService.java:41)
	at org.junit.platform.engine.support.hierarchical.NodeTestTask.lambda$executeRecursively$6(NodeTestTask.java:155)
	at org.junit.platform.engine.support.hierarchical.ThrowableCollector.execute(ThrowableCollector.java:73)
	at org.junit.platform.engine.support.hierarchical.NodeTestTask.lambda$executeRecursively$8(NodeTestTask.java:141)
	at org.junit.platform.engine.support.hierarchical.Node.around(Node.java:137)
	at org.junit.platform.engine.support.hierarchical.NodeTestTask.lambda$executeRecursively$9(NodeTestTask.java:139)
	at org.junit.platform.engine.support.hierarchical.ThrowableCollector.execute(ThrowableCollector.java:73)
	at org.junit.platform.engine.support.hierarchical.NodeTestTask.executeRecursively(NodeTestTask.java:138)
	at org.junit.platform.engine.support.hierarchical.NodeTestTask.execute(NodeTestTask.java:95)
	at org.junit.platform.engine.support.hierarchical.SameThreadHierarchicalTestExecutorService.submit(SameThreadHierarchicalTestExecutorService.java:35)
	at org.junit.platform.engine.support.hierarchical.HierarchicalTestExecutor.execute(HierarchicalTestExecutor.java:57)
	at org.junit.platform.engine.support.hierarchical.HierarchicalTestEngine.execute(HierarchicalTestEngine.java:54)
	at org.junit.platform.launcher.core.EngineExecutionOrchestrator.execute(EngineExecutionOrchestrator.java:198)
	at org.junit.platform.launcher.core.EngineExecutionOrchestrator.execute(EngineExecutionOrchestrator.java:169)
	at org.junit.platform.launcher.core.EngineExecutionOrchestrator.execute(EngineExecutionOrchestrator.java:93)
	at org.junit.platform.launcher.core.EngineExecutionOrchestrator.lambda$execute$0(EngineExecutionOrchestrator.java:58)
	at org.junit.platform.launcher.core.EngineExecutionOrchestrator.withInterceptedStreams(EngineExecutionOrchestrator.java:141)
	at org.junit.platform.launcher.core.EngineExecutionOrchestrator.execute(EngineExecutionOrchestrator.java:57)
	at org.junit.platform.launcher.core.DefaultLauncher.execute(DefaultLauncher.java:103)
	at org.junit.platform.launcher.core.DefaultLauncher.execute(DefaultLauncher.java:85)
	at org.junit.platform.launcher.core.DelegatingLauncher.execute(DelegatingLauncher.java:47)
	at org.apache.maven.surefire.junitplatform.LazyLauncher.execute(LazyLauncher.java:56)
	at org.apache.maven.surefire.junitplatform.JUnitPlatformProvider.execute(JUnitPlatformProvider.java:184)
	at org.apache.maven.surefire.junitplatform.JUnitPlatformProvider.invokeAllTests(JUnitPlatformProvider.java:148)
	at org.apache.maven.surefire.junitplatform.JUnitPlatformProvider.invoke(JUnitPlatformProvider.java:122)
	at org.apache.maven.surefire.booter.ForkedBooter.runSuitesInProcess(ForkedBooter.java:385)
	at org.apache.maven.surefire.booter.ForkedBooter.execute(ForkedBooter.java:162)
	at org.apache.maven.surefire.booter.ForkedBooter.run(ForkedBooter.java:507)
	at org.apache.maven.surefire.booter.ForkedBooter.main(ForkedBooter.java:495)
Failed to write error to output file.
]]></system-err>
  </testcase>
</testsuite>