<?xml version="1.0" encoding="UTF-8"?>
<testsuite xmlns:xsi="http://www.w3.org/2001/XMLSchema-instance" xsi:noNamespaceSchemaLocation="https://maven.apache.org/surefire/maven-surefire-plugin/xsd/surefire-test-report-3.0.xsd" version="3.0" name="spl.lae.LinearAlgebraEngineTest" time="0.963" tests="10" errors="0" skipped="0" failures="0">
  <properties>
[...]
</properties>
  <testcase name="testAssociativeNesting" classname="spl.lae.LinearAlgebraEngineTest" time="0.152">
    <system-out><![CDATA[Starting execution with 2 threads...
Computation finished successfully in 68ms.
--- Worker Activity Report ---
Worker 0: Fatigue=25049.052628686968, TimeUsed=31400, TimeIdle=28265100
Worker 1: Fatigue=6651.491522589799, TimeUsed=5700, TimeIdle=28084300

]]></system-out>
  </testcase>
  <testcase name="testAllOperationsComplex" classname="spl.lae.LinearAlgebraEngineTest" time="0.017">
    <system-out><![CDATA[Starting execution with 4 threads...
Computation finished successfully in 2ms.
--- Worker Activity Report ---
Worker 0: Fatigue=66899.63348735287, TimeUsed=57800, TimeIdle=5459100
Worker 1: Fatigue=99072.98774677404, TimeUsed=188100, TimeIdle=4883300
Worker 2: Fatigue=56783.97262749155, TimeUsed=47200, TimeIdle=4712100
Worker 3: Fatigue=53520.9734666442, TimeUsed=59300, TimeIdle=4436100

]]></system-out>
  </testcase>
  <testcase name="testHugeInput" classname="spl.lae.LinearAlgebraEngineTest" time="0.366">
    <system-out><![CDATA[Starting execution with 8 threads...
Computation finished successfully in 204ms.
--- Worker Activity Report ---
Worker 0: Fatigue=3296599.7033537785, TimeUsed=2845900, TimeIdle=132012200
Worker 1: Fatigue=3047889.678202458, TimeUsed=2754000, TimeIdle=131896100
Worker 2: Fatigue=3149224.1572133373, TimeUsed=2194800, TimeIdle=132306700
Worker 3: Fatigue=3381013.2305686017, TimeUsed=2338900, TimeIdle=132020300
Worker 4: Fatigue=2320926.3054786627, TimeUsed=2521800, TimeIdle=131704500
Worker 5: Fatigue=2205630.2543650246, TimeUsed=2834000, TimeIdle=131264400
Worker 6: Fatigue=1696465.4681328868, TimeUsed=2940200, TimeIdle=130853700
Worker 7: Fatigue=1857148.8305906358, TimeUsed=2554500, TimeIdle=130937800

Huge input took: 207ms
]]></system-out>
  </testcase>
  <testcase name="testInvalidDimensions" classname="spl.lae.LinearAlgebraEngineTest" time="0.013">
    <system-out><![CDATA[Starting execution with 2 threads...
]]></system-out>
    <system-err><![CDATA[An error occurred: Matrix dimensions do not match for addition.
java.lang.IllegalArgumentException: Matrix dimensions do not match for addition.
	at spl.lae.LinearAlgebraEngine.loadAndCompute(LinearAlgebraEngine.java:50)
	at spl.lae.LinearAlgebraEngine.run(LinearAlgebraEngine.java:28)
	at spl.lae.Main.main(Main.java:37)
	at spl.lae.LinearAlgebraEngineTest.testInvalidDimensions(LinearAlgebraEngineTest.java:182)
	at java.base/jdk.internal.reflect.DirectMethodHandleAccessor.invoke(DirectMethodHandleAccessor.java:103)
	at java.base/java.lang.reflect.Method.invoke(Method.java:580)
	at org.junit.platform.commons.util.ReflectionUtils.invokeMethod(ReflectionUtils.java:728)
	at org.junit.jupiter.engine.execution.MethodInvocation.proceed(MethodInvocation.java:60)
	at org.junit.jupiter.engine.execution.InvocationInterceptorChain$ValidatingInvocation.proceed(InvocationInterceptorChain.java:131)
	at org.junit.jupiter.engine.extension.TimeoutExtension.intercept(TimeoutExtension.java:156)
	at org.junit.jupiter.engine.extension.TimeoutExtension.interceptTestableMethod(TimeoutExtension.java:147)
	at org.junit.jupiter.engine.extension.TimeoutExtension.interceptTestMethod(TimeoutExtension.java:86)
	at org.junit.jupiter.engine.execution.InterceptingExecutableInvoker$ReflectiveInterceptorCall.lambda$ofVoidMethod$0(InterceptingExecutableInvoker.java:103)
	at org.junit.jupiter.engine.execution.InterceptingExecutableInvoker.lambda$invoke$0(InterceptingExecutableInvoker.java:93)
	at org.junit.jupiter.engine.execution.InvocationInterceptorChain$InterceptedInvocation.proceed(InvocationInterceptorChain.java:106)
	at org.junit.jupiter.engine.execution.InvocationInterceptorChain.proceed(InvocationInterceptorChain.java:64)
	at org.junit.jupiter.engine.execution.InvocationInterceptorChain.chainAndInvoke(InvocationInterceptorChain.java:45)
	at org.junit.jupiter.engine.execution.InvocationInterceptorChain.invoke(InvocationInterceptorChain.java:37)
	at org.junit.jupiter.engine.execution.InterceptingExecutableInvoker.invoke(InterceptingExecutableInvoker.java:92)
	at org.junit.jupiter.engine.execution.InterceptingExecutableInvoker.invoke(InterceptingExecutableInvoker.java:86)
	at org.junit.jupiter.engine.descriptor.TestMethodTestDescriptor.lambda$invokeTestMethod$7(TestMethodTestDescriptor.java:218)
	at org.junit.platform.engine.support.hierarchical.ThrowableCollector.execute(ThrowableCollector.java:73)
	at org.junit.jupiter.engine.descriptor.TestMethodTestDescriptor.invokeTestMethod(TestMethodTestDescriptor.java:214)
	at org.junit.jupiter.engine.descriptor.TestMethodTestDescriptor.execute(TestMethodTestDescriptor.java:139)
	at org.junit.jupiter.engine.descriptor.TestMethodTestDescriptor.execute(TestMethodTestDescriptor.java:69)
	at org.junit.platform.engine.support.hierarchical.NodeTestTask.lambda$executeRecursively$6(NodeTestTask.java:151)
	at org.junit.platform.engine.support.hierarchical.ThrowableCollector.execute(ThrowableCollector.java:73)
	at org.junit.platform.engine.support.hierarchical.NodeTestTask.lambda$executeRecursively$8(NodeTestTask.java:141)
	at org.junit.platform.engine.support.hierarchical.Node.around(Node.java:137)
	at org.junit.platform.engine.support.hierarchical.NodeTestTask.lambda$executeRecursively$9(NodeTestTask.java:139)
	at org.junit.platform.engine.support.hierarchical.ThrowableCollector.execute(ThrowableCollector.java:73)
	at org.junit.platform.engine.support.hierarchical.NodeTestTask.executeRecursively(NodeTestTask.java:138)
	at org.junit.platform.engine.support.hierarchical.NodeTestTask.execute(NodeTestTask.java:95)
	at java.base/java.util.ArrayList.forEach(ArrayList.java:1597)
	at org.junit.platform.engine.support.hierarchical.SameThreadHierarchicalTestExecutorService.invokeAll(SameThreadHierarchicalTestExecutorService.java:41)
	at org.junit.platform.engine.support.hierarchical.NodeTestTask.lambda$executeRecursively$6(NodeTestTask.java:155)
	at org.junit.platform.engine.support.hierarchical.ThrowableCollector.execute(ThrowableCollector.java:73)
	at org.junit.platform.engine.support.hierarchical.NodeTestTask.lambda$executeRecursively$8(NodeTestTask.java:141)
	at org.junit.platform.engine.support.hierarchical.Node.around(Node.java:137)
	at org.junit.platform.engine.support.hierarchical.NodeTestTask.lambda$executeRecursively$9(NodeTestTask.java:139)
	at org.junit.platform.engine.support.hierarchical.ThrowableCollector.execute(ThrowableCollector.java:73)
	at org.junit.platform.engine.support.hierarchical.NodeTestTask.executeRecursively(NodeTestTask.java:138)
	at org.junit.platform.engine.support.hierarchical.NodeTestTask.execute(NodeTestTask.java:95)
	at java.base/java.util.ArrayList.forEach(ArrayList.java:1597)
	at org.junit.platform.engine.support.hierarchical.SameThreadHierarchicalTestExecutorService.invokeAll(SameThreadHierarchicalTestExecutorService.java:41)
	at org.junit.platform.engine.support.hierarchical.NodeTestTask.lambda$executeRecursively$6(NodeTestTask.java:155)
	at org.junit.platform.engine.support.hierarchical.ThrowableCollector.execute(ThrowableCollector.java:73)
	at org.junit.platform.engine.support.hierarchical.NodeTestTask.lambda$executeRecursively$8(NodeTestTask.java:141)
	at org.junit.platform.engine.support.hierarchical.Node.around(Node.java:137)
	at org.junit.platform.engine.support.hierarchical.NodeTestTask.lambda$executeRecursively$9(NodeTestTask.java:139)
	at org.junit.platform.engine.support.hierarchical.ThrowableCollector.execute(ThrowableCollector.java:73)
	at org.junit.platform.engine.support.hierarchical.NodeTestTask.executeRecursively(NodeTestTask.java:138)
	at org.junit.platform.engine.support.hierarchical.NodeTestTask.execute(NodeTestTask.java:95)
	at org.junit.platform.engine.support.hierarchical.SameThreadHierarchicalTestExecutorService.submit(SameThreadHierarchicalTestExecutorService.java:35)
	at org.junit.platform.engine.support.hierarchical.HierarchicalTestExecutor.execute(HierarchicalTestExecutor.java:57)
	at org.junit.platform.engine.support.hierarchical.HierarchicalTestEngine.execute(HierarchicalTestEngine.java:54)
	at org.junit.platform.launcher.core.EngineExecutionOrchestrator.execute(EngineExecutionOrchestrator.java:198)
	at org.junit.platform.launcher.core.EngineExecutionOrchestrator.execute(EngineExecutionOrchestrator.java:169)
	at org.junit.platform.launcher.core.EngineExecutionOrchestrator.execute(EngineExecutionOrchestrator.java:93)
	at org.junit.platform.launcher.core.EngineExecutionOrchestrator.lambda$execute$0(EngineExecutionOrchestrator.java:58)
	at org.junit.platform.launcher.core.EngineExecutionOrchestrator.withInterceptedStreams(EngineExecutionOrchestrator.java:141)
	at org.junit.platform.launcher.core.EngineExecutionOrchestrator.execute(EngineExecutionOrchestrator.java:57)
	at org.junit.platform.launcher.core.DefaultLauncher.execute(DefaultLauncher.java:103)
	at org.junit.platform.launcher.core.DefaultLauncher.execute(DefaultLauncher.java:85)
	at org.junit.platform.launcher.core.DelegatingLauncher.execute(DelegatingLauncher.java:47)
	at org.apache.maven.surefire.junitplatform.LazyLauncher.execute(LazyLauncher.java:56)
	at org.apache.maven.surefire.junitplatform.JUnitPlatformProvider.execute(JUnitPlatformProvider.java:184)
	at org.apache.maven.surefire.junitplatform.JUnitPlatformProvider.invokeAllTests(JUnitPlatformProvider.java:148)
	at org.apache.maven.surefire.junitplatform.JUnitPlatformProvider.invoke(JUnitPlatformProvider.java:122)
	at org.apache.maven.surefire.booter.ForkedBooter.runSuitesInProcess(ForkedBooter.java:385)
	at org.apache.maven.surefire.booter.ForkedBooter.execute(ForkedBooter.java:162)
	at org.apache.maven.surefire.booter.ForkedBooter.run(ForkedBooter.java:507)
	at org.apache.maven.surefire.booter.ForkedBooter.main(ForkedBooter.java:495)
]]></system-err>
  </testcase>
  <testcase name="testHighThreadCount" classname="spl.lae.LinearAlgebraEngineTest" time="0.089">
    <system-out><![CDATA[Starting execution with 100 threads...
Computation finished successfully in 9ms.
--- Worker Activity Report ---
Worker 0: Fatigue=175629.85899329378, TimeUsed=140200, TimeIdle=28331900
Worker 1: Fatigue=0.0, TimeUsed=0, TimeIdle=28295100
Worker 2: Fatigue=0.0, TimeUsed=0, TimeIdle=27967100
Worker 3: Fatigue=0.0, TimeUsed=0, TimeIdle=28136200
Worker 4: Fatigue=0.0, TimeUsed=0, TimeIdle=28043700
Worker 5: Fatigue=0.0, TimeUsed=0, TimeIdle=28272600
Worker 6: Fatigue=0.0, TimeUsed=0, TimeIdle=27621300
Worker 7: Fatigue=0.0, TimeUsed=0, TimeIdle=26804500
Worker 8: Fatigue=0.0, TimeUsed=0, TimeIdle=26509500
Worker 9: Fatigue=0.0, TimeUsed=0, TimeIdle=26428200
Worker 10: Fatigue=0.0, TimeUsed=0, TimeIdle=25848600
Worker 11: Fatigue=0.0, TimeUsed=0, TimeIdle=25744900
Worker 12: Fatigue=0.0, TimeUsed=0, TimeIdle=25655200
Worker 13: Fatigue=0.0, TimeUsed=0, TimeIdle=25515800
Worker 14: Fatigue=0.0, TimeUsed=0, TimeIdle=25279800
Worker 15: Fatigue=0.0, TimeUsed=0, TimeIdle=25231600
Worker 16: Fatigue=0.0, TimeUsed=0, TimeIdle=25056400
Worker 17: Fatigue=0.0, TimeUsed=0, TimeIdle=24754200
Worker 18: Fatigue=0.0, TimeUsed=0, TimeIdle=24508400
Worker 19: Fatigue=0.0, TimeUsed=0, TimeIdle=24515700
Worker 20: Fatigue=0.0, TimeUsed=0, TimeIdle=24196800
Worker 21: Fatigue=0.0, TimeUsed=0, TimeIdle=24096300
Worker 22: Fatigue=0.0, TimeUsed=0, TimeIdle=23775300
Worker 23: Fatigue=0.0, TimeUsed=0, TimeIdle=23208500
Worker 24: Fatigue=0.0, TimeUsed=0, TimeIdle=22902900
Worker 25: Fatigue=0.0, TimeUsed=0, TimeIdle=22737300
Worker 26: Fatigue=0.0, TimeUsed=0, TimeIdle=22787200
Worker 27: Fatigue=0.0, TimeUsed=0, TimeIdle=22686600
Worker 28: Fatigue=0.0, TimeUsed=0, TimeIdle=22255000
Worker 29: Fatigue=0.0, TimeUsed=0, TimeIdle=21976400
Worker 30: Fatigue=0.0, TimeUsed=0, TimeIdle=22013500
Worker 31: Fatigue=0.0, TimeUsed=0, TimeIdle=21869500
Worker 32: Fatigue=0.0, TimeUsed=0, TimeIdle=21383000
Worker 33: Fatigue=0.0, TimeUsed=0, TimeIdle=21217300
Worker 34: Fatigue=0.0, TimeUsed=0, TimeIdle=21360900
Worker 35: Fatigue=0.0, TimeUsed=0, TimeIdle=21191300
Worker 36: Fatigue=0.0, TimeUsed=0, TimeIdle=20632100
Worker 37: Fatigue=0.0, TimeUsed=0, TimeIdle=20344700
Worker 38: Fatigue=0.0, TimeUsed=0, TimeIdle=20468900
Worker 39: Fatigue=0.0, TimeUsed=0, TimeIdle=20331700
Worker 40: Fatigue=0.0, TimeUsed=0, TimeIdle=19873900
Worker 41: Fatigue=0.0, TimeUsed=0, TimeIdle=20151100
Worker 42: Fatigue=0.0, TimeUsed=0, TimeIdle=20132300
Worker 43: Fatigue=0.0, TimeUsed=0, TimeIdle=20033500
Worker 44: Fatigue=0.0, TimeUsed=0, TimeIdle=19940400
Worker 45: Fatigue=0.0, TimeUsed=0, TimeIdle=19793500
Worker 46: Fatigue=0.0, TimeUsed=0, TimeIdle=19571200
Worker 47: Fatigue=0.0, TimeUsed=0, TimeIdle=19287400
Worker 48: Fatigue=0.0, TimeUsed=0, TimeIdle=19064600
Worker 49: Fatigue=0.0, TimeUsed=0, TimeIdle=18833400
Worker 50: Fatigue=0.0, TimeUsed=0, TimeIdle=18611200
Worker 51: Fatigue=0.0, TimeUsed=0, TimeIdle=18214000
Worker 52: Fatigue=0.0, TimeUsed=0, TimeIdle=17916900
Worker 53: Fatigue=0.0, TimeUsed=0, TimeIdle=17742900
Worker 54: Fatigue=0.0, TimeUsed=0, TimeIdle=17509900
Worker 55: Fatigue=0.0, TimeUsed=0, TimeIdle=17335800
Worker 56: Fatigue=0.0, TimeUsed=0, TimeIdle=16934200
Worker 57: Fatigue=0.0, TimeUsed=0, TimeIdle=16689000
Worker 58: Fatigue=0.0, TimeUsed=0, TimeIdle=16378600
Worker 59: Fatigue=0.0, TimeUsed=0, TimeIdle=16188200
Worker 60: Fatigue=0.0, TimeUsed=0, TimeIdle=16059200
Worker 61: Fatigue=0.0, TimeUsed=0, TimeIdle=15898800
Worker 62: Fatigue=0.0, TimeUsed=0, TimeIdle=15630700
Worker 63: Fatigue=0.0, TimeUsed=0, TimeIdle=15277300
Worker 64: Fatigue=0.0, TimeUsed=0, TimeIdle=15095900
Worker 65: Fatigue=0.0, TimeUsed=0, TimeIdle=14742800
Worker 66: Fatigue=0.0, TimeUsed=0, TimeIdle=14357100
Worker 67: Fatigue=0.0, TimeUsed=0, TimeIdle=13963400
Worker 68: Fatigue=0.0, TimeUsed=0, TimeIdle=13697300
Worker 69: Fatigue=0.0, TimeUsed=0, TimeIdle=13202300
Worker 70: Fatigue=0.0, TimeUsed=0, TimeIdle=12672600
Worker 71: Fatigue=0.0, TimeUsed=0, TimeIdle=12143200
Worker 72: Fatigue=0.0, TimeUsed=0, TimeIdle=11841900
Worker 73: Fatigue=0.0, TimeUsed=0, TimeIdle=11678600
Worker 74: Fatigue=0.0, TimeUsed=0, TimeIdle=11329800
Worker 75: Fatigue=0.0, TimeUsed=0, TimeIdle=11148000
Worker 76: Fatigue=0.0, TimeUsed=0, TimeIdle=10996000
Worker 77: Fatigue=0.0, TimeUsed=0, TimeIdle=10767900
Worker 78: Fatigue=0.0, TimeUsed=0, TimeIdle=10553300
Worker 79: Fatigue=0.0, TimeUsed=0, TimeIdle=10352900
Worker 80: Fatigue=0.0, TimeUsed=0, TimeIdle=10112300
Worker 81: Fatigue=0.0, TimeUsed=0, TimeIdle=9736100
Worker 82: Fatigue=0.0, TimeUsed=0, TimeIdle=8682600
Worker 83: Fatigue=0.0, TimeUsed=0, TimeIdle=8452600
Worker 84: Fatigue=0.0, TimeUsed=0, TimeIdle=8451800
Worker 85: Fatigue=0.0, TimeUsed=0, TimeIdle=8293000
Worker 86: Fatigue=0.0, TimeUsed=0, TimeIdle=8060900
Worker 87: Fatigue=0.0, TimeUsed=0, TimeIdle=7884800
Worker 88: Fatigue=0.0, TimeUsed=0, TimeIdle=7860600
Worker 89: Fatigue=0.0, TimeUsed=0, TimeIdle=7698800
Worker 90: Fatigue=0.0, TimeUsed=0, TimeIdle=7347000
Worker 91: Fatigue=0.0, TimeUsed=0, TimeIdle=7178800
Worker 92: Fatigue=0.0, TimeUsed=0, TimeIdle=7184400
Worker 93: Fatigue=0.0, TimeUsed=0, TimeIdle=7016000
Worker 94: Fatigue=0.0, TimeUsed=0, TimeIdle=6682400
Worker 95: Fatigue=0.0, TimeUsed=0, TimeIdle=6524700
Worker 96: Fatigue=0.0, TimeUsed=0, TimeIdle=6299900
Worker 97: Fatigue=0.0, TimeUsed=0, TimeIdle=6126000
Worker 98: Fatigue=0.0, TimeUsed=0, TimeIdle=5709000
Worker 99: Fatigue=161872.29401795147, TimeUsed=142400, TimeIdle=5403100

]]></system-out>
  </testcase>
  <testcase name="testInterruption" classname="spl.lae.LinearAlgebraEngineTest" time="0.106">
    <system-out><![CDATA[Starting execution with 2 threads...
Computation finished successfully in 75ms.
--- Worker Activity Report ---
Worker 0: Fatigue=291255.216237004, TimeUsed=278500, TimeIdle=58048100
Worker 1: Fatigue=292455.615688811, TimeUsed=265900, TimeIdle=57808900

]]></system-out>
  </testcase>
  <testcase name="testFourNestedMatrices" classname="spl.lae.LinearAlgebraEngineTest" time="0.004">
    <system-out><![CDATA[Starting execution with 4 threads...
Computation finished successfully in 0ms.
--- Worker Activity Report ---
Worker 0: Fatigue=4547.775835773645, TimeUsed=3300, TimeIdle=1903800
Worker 1: Fatigue=800.3487941363037, TimeUsed=900, TimeIdle=1664000
Worker 2: Fatigue=0.0, TimeUsed=0, TimeIdle=1517600
Worker 3: Fatigue=1099.9850338853605, TimeUsed=1000, TimeIdle=1358200

]]></system-out>
  </testcase>
  <testcase name="testTwiceNesting" classname="spl.lae.LinearAlgebraEngineTest" time="0.006">
    <system-out><![CDATA[Starting execution with 4 threads...
Computation finished successfully in 0ms.
--- Worker Activity Report ---
Worker 0: Fatigue=22328.8952720319, TimeUsed=15000, TimeIdle=3602300
Worker 1: Fatigue=778.6904140032582, TimeUsed=1100, TimeIdle=3284100
Worker 2: Fatigue=51398.1805558753, TimeUsed=92400, TimeIdle=3007700
Worker 3: Fatigue=2923.7893702074966, TimeUsed=2100, TimeIdle=2967100

]]></system-out>
  </testcase>
  <testcase name="testMatrixWithNullValues" classname="spl.lae.LinearAlgebraEngineTest" time="0.009">
    <system-out><![CDATA[Starting execution with 2 threads...
Computation finished successfully in 0ms.
--- Worker Activity Report ---
Worker 0: Fatigue=14158.88364986518, TimeUsed=14900, TimeIdle=1929700
Worker 1: Fatigue=0.0, TimeUsed=0, TimeIdle=1624300

]]></system-out>
  </testcase>
  <testcase name="testIncorrectFilePaths" classname="spl.lae.LinearAlgebraEngineTest" time="0.019">
    <system-out><![CDATA[Starting execution with 2 threads...
Starting execution with 2 threads...
]]></system-out>
    <system-err><![CDATA[An error occurred: Failed to read the input JSON file: C:\Users\User\AppData\Local\Temp\junit569566313472607351\ghost.json (The system cannot find the file specified)
java.text.ParseException: Failed to read the input JSON file: C:\Users\User\AppData\Local\Temp\junit569566313472607351\ghost.json (The system cannot find the file specified)
	at parser.InputParser.parse(InputParser.java:23)
	at spl.lae.Main.main(Main.java:31)
	at spl.lae.LinearAlgebraEngineTest.testIncorrectFilePaths(LinearAlgebraEngineTest.java:268)
	at java.base/jdk.internal.reflect.DirectMethodHandleAccessor.invoke(DirectMethodHandleAccessor.java:103)
	at java.base/java.lang.reflect.Method.invoke(Method.java:580)
	at org.junit.platform.commons.util.ReflectionUtils.invokeMethod(ReflectionUtils.java:728)
	at org.junit.jupiter.engine.execution.MethodInvocation.proceed(MethodInvocation.java:60)
	at org.junit.jupiter.engine.execution.InvocationInterceptorChain$ValidatingInvocation.proceed(InvocationInterceptorChain.java:131)
	at org.junit.jupiter.engine.extension.TimeoutExtension.intercept(TimeoutExtension.java:156)
	at org.junit.jupiter.engine.extension.TimeoutExtension.interceptTestableMethod(TimeoutExtension.java:147)
	at org.junit.jupiter.engine.extension.TimeoutExtension.interceptTestMethod(TimeoutExtension.java:86)
	at org.junit.jupiter.engine.execution.InterceptingExecutableInvoker$ReflectiveInterceptorCall.lambda$ofVoidMethod$0(InterceptingExecutableInvoker.java:103)
	at org.junit.jupiter.engine.execution.InterceptingExecutableInvoker.lambda$invoke$0(InterceptingExecutableInvoker.java:93)
	at org.junit.jupiter.engine.execution.InvocationInterceptorChain$InterceptedInvocation.proceed(InvocationInterceptorChain.java:106)
	at org.junit.jupiter.engine.execution.InvocationInterceptorChain.proceed(InvocationInterceptorChain.java:64)
	at org.junit.jupiter.engine.execution.InvocationInterceptorChain.chainAndInvoke(InvocationInterceptorChain.java:45)
	at org.junit.jupiter.engine.execution.InvocationInterceptorChain.invoke(InvocationInterceptorChain.java:37)
	at org.junit.jupiter.engine.execution.InterceptingExecutableInvoker.invoke(InterceptingExecutableInvoker.java:92)
	at org.junit.jupiter.engine.execution.InterceptingExecutableInvoker.invoke(InterceptingExecutableInvoker.java:86)
	at org.junit.jupiter.engine.descriptor.TestMethodTestDescriptor.lambda$invokeTestMethod$7(TestMethodTestDescriptor.java:218)
	at org.junit.platform.engine.support.hierarchical.ThrowableCollector.execute(ThrowableCollector.java:73)
	at org.junit.jupiter.engine.descriptor.TestMethodTestDescriptor.invokeTestMethod(TestMethodTestDescriptor.java:214)
	at org.junit.jupiter.engine.descriptor.TestMethodTestDescriptor.execute(TestMethodTestDescriptor.java:139)
	at org.junit.jupiter.engine.descriptor.TestMethodTestDescriptor.execute(TestMethodTestDescriptor.java:69)
	at org.junit.platform.engine.support.hierarchical.NodeTestTask.lambda$executeRecursively$6(NodeTestTask.java:151)
	at org.junit.platform.engine.support.hierarchical.ThrowableCollector.execute(ThrowableCollector.java:73)
	at org.junit.platform.engine.support.hierarchical.NodeTestTask.lambda$executeRecursively$8(NodeTestTask.java:141)
	at org.junit.platform.engine.support.hierarchical.Node.around(Node.java:137)
	at org.junit.platform.engine.support.hierarchical.NodeTestTask.lambda$executeRecursively$9(NodeTestTask.java:139)
	at org.junit.platform.engine.support.hierarchical.ThrowableCollector.execute(ThrowableCollector.java:73)
	at org.junit.platform.engine.support.hierarchical.NodeTestTask.executeRecursively(NodeTestTask.java:138)
	at org.junit.platform.engine.support.hierarchical.NodeTestTask.execute(NodeTestTask.java:95)
	at java.base/java.util.ArrayList.forEach(ArrayList.java:1597)
	at org.junit.platform.engine.support.hierarchical.SameThreadHierarchicalTestExecutorService.invokeAll(SameThreadHierarchicalTestExecutorService.java:41)
	at org.junit.platform.engine.support.hierarchical.NodeTestTask.lambda$executeRecursively$6(NodeTestTask.java:155)
	at org.junit.platform.engine.support.hierarchical.ThrowableCollector.execute(ThrowableCollector.java:73)
	at org.junit.platform.engine.support.hierarchical.NodeTestTask.lambda$executeRecursively$8(NodeTestTask.java:141)
	at org.junit.platform.engine.support.hierarchical.Node.around(Node.java:137)
	at org.junit.platform.engine.support.hierarchical.NodeTestTask.lambda$executeRecursively$9(NodeTestTask.java:139)
	at org.junit.platform.engine.support.hierarchical.ThrowableCollector.execute(ThrowableCollector.java:73)
	at org.junit.platform.engine.support.hierarchical.NodeTestTask.executeRecursively(NodeTestTask.java:138)
	at org.junit.platform.engine.support.hierarchical.NodeTestTask.execute(NodeTestTask.java:95)
	at java.base/java.util.ArrayList.forEach(ArrayList.java:1597)
	at org.junit.platform.engine.support.hierarchical.SameThreadHierarchicalTestExecutorService.invokeAll(SameThreadHierarchicalTestExecutorService.java:41)
	at org.junit.platform.engine.support.hierarchical.NodeTestTask.lambda$executeRecursively$6(NodeTestTask.java:155)
	at org.junit.platform.engine.support.hierarchical.ThrowableCollector.execute(ThrowableCollector.java:73)
	at org.junit.platform.engine.support.hierarchical.NodeTestTask.lambda$executeRecursively$8(NodeTestTask.java:141)
	at org.junit.platform.engine.support.hierarchical.Node.around(Node.java:137)
	at org.junit.platform.engine.support.hierarchical.NodeTestTask.lambda$executeRecursively$9(NodeTestTask.java:139)
	at org.junit.platform.engine.support.hierarchical.ThrowableCollector.execute(ThrowableCollector.java:73)
	at org.junit.platform.engine.support.hierarchical.NodeTestTask.executeRecursively(NodeTestTask.java:138)
	at org.junit.platform.engine.support.hierarchical.NodeTestTask.execute(NodeTestTask.java:95)
	at org.junit.platform.engine.support.hierarchical.SameThreadHierarchicalTestExecutorService.submit(SameThreadHierarchicalTestExecutorService.java:35)
	at org.junit.platform.engine.support.hierarchical.HierarchicalTestExecutor.execute(HierarchicalTestExecutor.java:57)
	at org.junit.platform.engine.support.hierarchical.HierarchicalTestEngine.execute(HierarchicalTestEngine.java:54)
	at org.junit.platform.launcher.core.EngineExecutionOrchestrator.execute(EngineExecutionOrchestrator.java:198)
	at org.junit.platform.launcher.core.EngineExecutionOrchestrator.execute(EngineExecutionOrchestrator.java:169)
	at org.junit.platform.launcher.core.EngineExecutionOrchestrator.execute(EngineExecutionOrchestrator.java:93)
	at org.junit.platform.launcher.core.EngineExecutionOrchestrator.lambda$execute$0(EngineExecutionOrchestrator.java:58)
	at org.junit.platform.launcher.core.EngineExecutionOrchestrator.withInterceptedStreams(EngineExecutionOrchestrator.java:141)
	at org.junit.platform.launcher.core.EngineExecutionOrchestrator.execute(EngineExecutionOrchestrator.java:57)
	at org.junit.platform.launcher.core.DefaultLauncher.execute(DefaultLauncher.java:103)
	at org.junit.platform.launcher.core.DefaultLauncher.execute(DefaultLauncher.java:85)
	at org.junit.platform.launcher.core.DelegatingLauncher.execute(DelegatingLauncher.java:47)
	at org.apache.maven.surefire.junitplatform.LazyLauncher.execute(LazyLauncher.java:56)
	at org.apache.maven.surefire.junitplatform.JUnitPlatformProvider.execute(JUnitPlatformProvider.java:184)
	at org.apache.maven.surefire.junitplatform.JUnitPlatformProvider.invokeAllTests(JUnitPlatformProvider.java:148)
	at org.apache.maven.surefire.junitplatform.JUnitPlatformProvider.invoke(JUnitPlatformProvider.java:122)
	at org.apache.maven.surefire.booter.ForkedBooter.runSuitesInProcess(ForkedBooter.java:385)
	at org.apache.maven.surefire.booter.ForkedBooter.execute(ForkedBooter.java:162)
	at org.apache.maven.surefire.booter.ForkedBooter.run(ForkedBooter.java:507)
	at org.apache.maven.surefire.booter.ForkedBooter.main(ForkedBooter.java:495)
An error occurred: C:\Users\User\AppData\Local\Temp\junit569566313472607351 (Access is denied)
java.io.FileNotFoundException: C:\Users\User\AppData\Local\Temp\junit569566313472607351 (Access is denied)
	at java.base/java.io.FileOutputStream.open0(Native Method)
	at java.base/java.io.FileOutputStream.open(FileOutputStream.java:295)
	at java.base/java.io.FileOutputStream.<init>(FileOutputStream.java:237)
	at java.base/java.io.FileOutputStream.<init>(FileOutputStream.java:185)
	at com.fasterxml.jackson.core.TokenStreamFactory._fileOutputStream(TokenStreamFactory.java:334)
	at com.fasterxml.jackson.core.JsonFactory.createGenerator(JsonFactory.java:1558)
	at com.fasterxml.jackson.databind.ObjectWriter.createGenerator(ObjectWriter.java:764)
	at com.fasterxml.jackson.databind.ObjectWriter.writeValue(ObjectWriter.java:1081)
	at parser.OutputWriter.write(OutputWriter.java:26)
	at spl.lae.Main.main(Main.java:40)
	at spl.lae.LinearAlgebraEngineTest.lambda$testIncorrectFilePaths$1(LinearAlgebraEngineTest.java:283)
	at org.junit.jupiter.api.AssertThrows.assertThrows(AssertThrows.java:53)
	at org.junit.jupiter.api.AssertThrows.assertThrows(AssertThrows.java:39)
	at org.junit.jupiter.api.Assertions.assertThrows(Assertions.java:3131)
	at spl.lae.LinearAlgebraEngineTest.testIncorrectFilePaths(LinearAlgebraEngineTest.java:282)
	at java.base/jdk.internal.reflect.DirectMethodHandleAccessor.invoke(DirectMethodHandleAccessor.java:103)
	at java.base/java.lang.reflect.Method.invoke(Method.java:580)
	at org.junit.platform.commons.util.ReflectionUtils.invokeMethod(ReflectionUtils.java:728)
	at org.junit.jupiter.engine.execution.MethodInvocation.proceed(MethodInvocation.java:60)
	at org.junit.jupiter.engine.execution.InvocationInterceptorChain$ValidatingInvocation.proceed(InvocationInterceptorChain.java:131)
	at org.junit.jupiter.engine.extension.TimeoutExtension.intercept(TimeoutExtension.java:156)
	at org.junit.jupiter.engine.extension.TimeoutExtension.interceptTestableMethod(TimeoutExtension.java:147)
	at org.junit.jupiter.engine.extension.TimeoutExtension.interceptTestMethod(TimeoutExtension.java:86)
	at org.junit.jupiter.engine.execution.InterceptingExecutableInvoker$ReflectiveInterceptorCall.lambda$ofVoidMethod$0(InterceptingExecutableInvoker.java:103)
	at org.junit.jupiter.engine.execution.InterceptingExecutableInvoker.lambda$invoke$0(InterceptingExecutableInvoker.java:93)
	at org.junit.jupiter.engine.execution.InvocationInterceptorChain$InterceptedInvocation.proceed(InvocationInterceptorChain.java:106)
	at org.junit.jupiter.engine.execution.InvocationInterceptorChain.proceed(InvocationInterceptorChain.java:64)
	at org.junit.jupiter.engine.execution.InvocationInterceptorChain.chainAndInvoke(InvocationInterceptorChain.java:45)
	at org.junit.jupiter.engine.execution.InvocationInterceptorChain.invoke(InvocationInterceptorChain.java:37)
	at org.junit.jupiter.engine.execution.InterceptingExecutableInvoker.invoke(InterceptingExecutableInvoker.java:92)
	at org.junit.jupiter.engine.execution.InterceptingExecutableInvoker.invoke(InterceptingExecutableInvoker.java:86)
	at org.junit.jupiter.engine.descriptor.TestMethodTestDescriptor.lambda$invokeTestMethod$7(TestMethodTestDescriptor.java:218)
	at org.junit.platform.engine.support.hierarchical.ThrowableCollector.execute(ThrowableCollector.java:73)
	at org.junit.jupiter.engine.descriptor.TestMethodTestDescriptor.invokeTestMethod(TestMethodTestDescriptor.java:214)
	at org.junit.jupiter.engine.descriptor.TestMethodTestDescriptor.execute(TestMethodTestDescriptor.java:139)
	at org.junit.jupiter.engine.descriptor.TestMethodTestDescriptor.execute(TestMethodTestDescriptor.java:69)
	at org.junit.platform.engine.support.hierarchical.NodeTestTask.lambda$executeRecursively$6(NodeTestTask.java:151)
	at org.junit.platform.engine.support.hierarchical.ThrowableCollector.execute(ThrowableCollector.java:73)
	at org.junit.platform.engine.support.hierarchical.NodeTestTask.lambda$executeRecursively$8(NodeTestTask.java:141)
	at org.junit.platform.engine.support.hierarchical.Node.around(Node.java:137)
	at org.junit.platform.engine.support.hierarchical.NodeTestTask.lambda$executeRecursively$9(NodeTestTask.java:139)
	at org.junit.platform.engine.support.hierarchical.ThrowableCollector.execute(ThrowableCollector.java:73)
	at org.junit.platform.engine.support.hierarchical.NodeTestTask.executeRecursively(NodeTestTask.java:138)
	at org.junit.platform.engine.support.hierarchical.NodeTestTask.execute(NodeTestTask.java:95)
	at java.base/java.util.ArrayList.forEach(ArrayList.java:1597)
	at org.junit.platform.engine.support.hierarchical.SameThreadHierarchicalTestExecutorService.invokeAll(SameThreadHierarchicalTestExecutorService.java:41)
	at org.junit.platform.engine.support.hierarchical.NodeTestTask.lambda$executeRecursively$6(NodeTestTask.java:155)
	at org.junit.platform.engine.support.hierarchical.ThrowableCollector.execute(ThrowableCollector.java:73)
	at org.junit.platform.engine.support.hierarchical.NodeTestTask.lambda$executeRecursively$8(NodeTestTask.java:141)
	at org.junit.platform.engine.support.hierarchical.Node.around(Node.java:137)
	at org.junit.platform.engine.support.hierarchical.NodeTestTask.lambda$executeRecursively$9(NodeTestTask.java:139)
	at org.junit.platform.engine.support.hierarchical.ThrowableCollector.execute(ThrowableCollector.java:73)
	at org.junit.platform.engine.support.hierarchical.NodeTestTask.executeRecursively(NodeTestTask.java:138)
	at org.junit.platform.engine.support.hierarchical.NodeTestTask.execute(NodeTestTask.java:95)
	at java.base/java.util.ArrayList.forEach(ArrayList.java:1597)
	at org.junit.platform.engine.support.hierarchical.SameThreadHierarchicalTestExecutorService.invokeAll(SameThreadHierarchicalTestExecutorService.java:41)
	at org.junit.platform.engine.support.hierarchical.NodeTestTask.lambda$executeRecursively$6(NodeTestTask.java:155)
	at org.junit.platform.engine.support.hierarchical.ThrowableCollector.execute(ThrowableCollector.java:73)
	at org.junit.platform.engine.support.hierarchical.NodeTestTask.lambda$executeRecursively$8(NodeTestTask.java:141)
	at org.junit.platform.engine.support.hierarchical.Node.around(Node.java:137)
	at org.junit.platform.engine.support.hierarchical.NodeTestTask.lambda$executeRecursively$9(NodeTestTask.java:139)
	at org.junit.platform.engine.support.hierarchical.ThrowableCollector.execute(ThrowableCollector.java:73)
	at org.junit.platform.engine.support.hierarchical.NodeTestTask.executeRecursively(NodeTestTask.java:138)
	at org.junit.platform.engine.support.hierarchical.NodeTestTask.execute(NodeTestTask.java:95)
	at org.junit.platform.engine.support.hierarchical.SameThreadHierarchicalTestExecutorService.submit(SameThreadHierarchicalTestExecutorService.java:35)
	at org.junit.platform.engine.support.hierarchical.HierarchicalTestExecutor.execute(HierarchicalTestExecutor.java:57)
	at org.junit.platform.engine.support.hierarchical.HierarchicalTestEngine.execute(HierarchicalTestEngine.java:54)
	at org.junit.platform.launcher.core.EngineExecutionOrchestrator.execute(EngineExecutionOrchestrator.java:198)
	at org.junit.platform.launcher.core.EngineExecutionOrchestrator.execute(EngineExecutionOrchestrator.java:169)
	at org.junit.platform.launcher.core.EngineExecutionOrchestrator.execute(EngineExecutionOrchestrator.java:93)
	at org.junit.platform.launcher.core.EngineExecutionOrchestrator.lambda$execute$0(EngineExecutionOrchestrator.java:58)
	at org.junit.platform.launcher.core.EngineExecutionOrchestrator.withInterceptedStreams(EngineExecutionOrchestrator.java:141)
	at org.junit.platform.launcher.core.EngineExecutionOrchestrator.execute(EngineExecutionOrchestrator.java:57)
	at org.junit.platform.launcher.core.DefaultLauncher.execute(DefaultLauncher.java:103)
	at org.junit.platform.launcher.core.DefaultLauncher.execute(DefaultLauncher.java:85)
	at org.junit.platform.launcher.core.DelegatingLauncher.execute(DelegatingLauncher.java:47)
	at org.apache.maven.surefire.junitplatform.LazyLauncher.execute(LazyLauncher.java:56)
	at org.apache.maven.surefire.junitplatform.JUnitPlatformProvider.execute(JUnitPlatformProvider.java:184)
	at org.apache.maven.surefire.junitplatform.JUnitPlatformProvider.invokeAllTests(JUnitPlatformProvider.java:148)
	at org.apache.maven.surefire.junitplatform.JUnitPlatformProvider.invoke(JUnitPlatformProvider.java:122)
	at org.apache.maven.surefire.booter.ForkedBooter.runSuitesInProcess(ForkedBooter.java:385)
	at org.apache.maven.surefire.booter.ForkedBooter.execute(ForkedBooter.java:162)
	at org.apache.maven.surefire.booter.ForkedBooter.run(ForkedBooter.java:507)
	at org.apache.maven.surefire.booter.ForkedBooter.main(ForkedBooter.java:495)
Failed to write error to output file.
]]></system-err>
  </testcase>
</testsuite>