<?xml version="1.0" encoding="UTF-8"?>
<testsuite xmlns:xsi="http://www.w3.org/2001/XMLSchema-instance" xsi:noNamespaceSchemaLocation="https://maven.apache.org/surefire/maven-surefire-plugin/xsd/surefire-test-report-3.0.xsd" version="3.0" name="spl.lae.LinearAlgebraEngineTest" time="0.559" tests="10" errors="0" skipped="0" failures="1">
  <properties>
[...]
</properties>
  <testcase name="testAssociativeNesting" classname="spl.lae.LinearAlgebraEngineTest" time="0.099">
    <system-out><![CDATA[Starting execution with 2 threads...
Computation finished successfully in 43ms.
--- Worker Activity Report ---
Worker 0: Fatigue=26567.38672235224, TimeUsed=40200, TimeIdle=18290700
Worker 1: Fatigue=17437.942749534595, TimeUsed=16300, TimeIdle=17785800

]]></system-out>
  </testcase>
  <testcase name="testAllOperationsComplex" classname="spl.lae.LinearAlgebraEngineTest" time="0.008">
    <system-out><![CDATA[Starting execution with 4 threads...
Computation finished successfully in 3ms.
--- Worker Activity Report ---
Worker 0: Fatigue=53408.984725169896, TimeUsed=40900, TimeIdle=2521000
Worker 1: Fatigue=21916.860813837862, TimeUsed=34900, TimeIdle=2363200
Worker 2: Fatigue=99935.3455923842, TimeUsed=73900, TimeIdle=2232800
Worker 3: Fatigue=25231.68219567212, TimeUsed=34700, TimeIdle=2163500

]]></system-out>
  </testcase>
  <testcase name="testHugeInput" classname="spl.lae.LinearAlgebraEngineTest" time="0.199">
    <system-out><![CDATA[Starting execution with 8 threads...
Computation finished successfully in 108ms.
--- Worker Activity Report ---
Worker 0: Fatigue=2786071.1278426643, TimeUsed=2058500, TimeIdle=69411700
Worker 1: Fatigue=2402218.7967934553, TimeUsed=2915000, TimeIdle=68269300
Worker 2: Fatigue=2300531.991643048, TimeUsed=2867400, TimeIdle=68181000
Worker 3: Fatigue=2290670.3081468367, TimeUsed=3204600, TimeIdle=67783300
Worker 4: Fatigue=1988074.008230268, TimeUsed=3461500, TimeIdle=67357900
Worker 5: Fatigue=2408270.2611090965, TimeUsed=2718200, TimeIdle=68031500
Worker 6: Fatigue=2325763.17308376, TimeUsed=3340700, TimeIdle=67291300
Worker 7: Fatigue=2719559.5127853975, TimeUsed=2125300, TimeIdle=68448300

Huge input took: 111ms
]]></system-out>
  </testcase>
  <testcase name="testInvalidDimensions" classname="spl.lae.LinearAlgebraEngineTest" time="0.008">
    <system-out><![CDATA[Starting execution with 2 threads...
]]></system-out>
    <system-err><![CDATA[An error occurred: Matrix dimensions do not match for addition.
java.lang.IllegalArgumentException: Matrix dimensions do not match for addition.
	at spl.lae.LinearAlgebraEngine.loadAndCompute(LinearAlgebraEngine.java:50)
	at spl.lae.LinearAlgebraEngine.run(LinearAlgebraEngine.java:28)
	at spl.lae.Main.main(Main.java:37)
	at spl.lae.LinearAlgebraEngineTest.testInvalidDimensions(LinearAlgebraEngineTest.java:182)
	at java.base/jdk.internal.reflect.DirectMethodHandleAccessor.invoke(DirectMethodHandleAccessor.java:103)
	at java.base/java.lang.reflect.Method.invoke(Method.java:580)
	at org.junit.platform.commons.util.ReflectionUtils.invokeMethod(ReflectionUtils.java:728)
	at org.junit.jupiter.engine.execution.MethodInvocation.proceed(MethodInvocation.java:60)
	at org.junit.jupiter.engine.execution.InvocationInterceptorChain$ValidatingInvocation.proceed(InvocationInterceptorChain.java:131)
	at org.junit.jupiter.engine.extension.TimeoutExtension.intercept(TimeoutExtension.java:156)
	at org.junit.jupiter.engine.extension.TimeoutExtension.interceptTestableMethod(TimeoutExtension.java:147)
	at org.junit.jupiter.engine.extension.TimeoutExtension.interceptTestMethod(TimeoutExtension.java:86)
	at org.junit.jupiter.engine.execution.InterceptingExecutableInvoker$ReflectiveInterceptorCall.lambda$ofVoidMethod$0(InterceptingExecutableInvoker.java:103)
	at org.junit.jupiter.engine.execution.InterceptingExecutableInvoker.lambda$invoke$0(InterceptingExecutableInvoker.java:93)
	at org.junit.jupiter.engine.execution.InvocationInterceptorChain$InterceptedInvocation.proceed(InvocationInterceptorChain.java:106)
	at org.junit.jupiter.engine.execution.InvocationInterceptorChain.proceed(InvocationInterceptorChain.java:64)
	at org.junit.jupiter.engine.execution.InvocationInterceptorChain.chainAndInvoke(InvocationInterceptorChain.java:45)
	at org.junit.jupiter.engine.execution.InvocationInterceptorChain.invoke(InvocationInterceptorChain.java:37)
	at org.junit.jupiter.engine.execution.InterceptingExecutableInvoker.invoke(InterceptingExecutableInvoker.java:92)
	at org.junit.jupiter.engine.execution.InterceptingExecutableInvoker.invoke(InterceptingExecutableInvoker.java:86)
	at org.junit.jupiter.engine.descriptor.TestMethodTestDescriptor.lambda$invokeTestMethod$7(TestMethodTestDescriptor.java:218)
	at org.junit.platform.engine.support.hierarchical.ThrowableCollector.execute(ThrowableCollector.java:73)
	at org.junit.jupiter.engine.descriptor.TestMethodTestDescriptor.invokeTestMethod(TestMethodTestDescriptor.java:214)
	at org.junit.jupiter.engine.descriptor.TestMethodTestDescriptor.execute(TestMethodTestDescriptor.java:139)
	at org.junit.jupiter.engine.descriptor.TestMethodTestDescriptor.execute(TestMethodTestDescriptor.java:69)
	at org.junit.platform.engine.support.hierarchical.NodeTestTask.lambda$executeRecursively$6(NodeTestTask.java:151)
	at org.junit.platform.engine.support.hierarchical.ThrowableCollector.execute(ThrowableCollector.java:73)
	at org.junit.platform.engine.support.hierarchical.NodeTestTask.lambda$executeRecursively$8(NodeTestTask.java:141)
	at org.junit.platform.engine.support.hierarchical.Node.around(Node.java:137)
	at org.junit.platform.engine.support.hierarchical.NodeTestTask.lambda$executeRecursively$9(NodeTestTask.java:139)
	at org.junit.platform.engine.support.hierarchical.ThrowableCollector.execute(ThrowableCollector.java:73)
	at org.junit.platform.engine.support.hierarchical.NodeTestTask.executeRecursively(NodeTestTask.java:138)
	at org.junit.platform.engine.support.hierarchical.NodeTestTask.execute(NodeTestTask.java:95)
	at java.base/java.util.ArrayList.forEach(ArrayList.java:1597)
	at org.junit.platform.engine.support.hierarchical.SameThreadHierarchicalTestExecutorService.invokeAll(SameThreadHierarchicalTestExecutorService.java:41)
	at org.junit.platform.engine.support.hierarchical.NodeTestTask.lambda$executeRecursively$6(NodeTestTask.java:155)
	at org.junit.platform.engine.support.hierarchical.ThrowableCollector.execute(ThrowableCollector.java:73)
	at org.junit.platform.engine.support.hierarchical.NodeTestTask.lambda$executeRecursively$8(NodeTestTask.java:141)
	at org.junit.platform.engine.support.hierarchical.Node.around(Node.java:137)
	at org.junit.platform.engine.support.hierarchical.NodeTestTask.lambda$executeRecursively$9(NodeTestTask.java:139)
	at org.junit.platform.engine.support.hierarchical.ThrowableCollector.execute(ThrowableCollector.java:73)
	at org.junit.platform.engine.support.hierarchical.NodeTestTask.executeRecursively(NodeTestTask.java:138)
	at org.junit.platform.engine.support.hierarchical.NodeTestTask.execute(NodeTestTask.java:95)
	at java.base/java.util.ArrayList.forEach(ArrayList.java:1597)
	at org.junit.platform.engine.support.hierarchical.SameThreadHierarchicalTestExecutorService.invokeAll(SameThreadHierarchicalTestExecutorService.java:41)
	at org.junit.platform.engine.support.hierarchical.NodeTestTask.lambda$executeRecursively$6(NodeTestTask.java:155)
	at org.junit.platform.engine.support.hierarchical.ThrowableCollector.execute(ThrowableCollector.java:73)
	at org.junit.platform.engine.support.hierarchical.NodeTestTask.lambda$executeRecursively$8(NodeTestTask.java:141)
	at org.junit.platform.engine.support.hierarchical.Node.around(Node.java:137)
	at org.junit.platform.engine.support.hierarchical.NodeTestTask.lambda$executeRecursively$9(NodeTestTask.java:139)
	at org.junit.platform.engine.support.hierarchical.ThrowableCollector.execute(ThrowableCollector.java:73)
	at org.junit.platform.engine.support.hierarchical.NodeTestTask.executeRecursively(NodeTestTask.java:138)
	at org.junit.platform.engine.support.hierarchical.NodeTestTask.execute(NodeTestTask.java:95)
	at org.junit.platform.engine.support.hierarchical.SameThreadHierarchicalTestExecutorService.submit(SameThreadHierarchicalTestExecutorService.java:35)
	at org.junit.platform.engine.support.hierarchical.HierarchicalTestExecutor.execute(HierarchicalTestExecutor.java:57)
	at org.junit.platform.engine.support.hierarchical.HierarchicalTestEngine.execute(HierarchicalTestEngine.java:54)
	at org.junit.platform.launcher.core.EngineExecutionOrchestrator.execute(EngineExecutionOrchestrator.java:198)
	at org.junit.platform.launcher.core.EngineExecutionOrchestrator.execute(EngineExecutionOrchestrator.java:169)
	at org.junit.platform.launcher.core.EngineExecutionOrchestrator.execute(EngineExecutionOrchestrator.java:93)
	at org.junit.platform.launcher.core.EngineExecutionOrchestrator.lambda$execute$0(EngineExecutionOrchestrator.java:58)
	at org.junit.platform.launcher.core.EngineExecutionOrchestrator.withInterceptedStreams(EngineExecutionOrchestrator.java:141)
	at org.junit.platform.launcher.core.EngineExecutionOrchestrator.execute(EngineExecutionOrchestrator.java:57)
	at org.junit.platform.launcher.core.DefaultLauncher.execute(DefaultLauncher.java:103)
	at org.junit.platform.launcher.core.DefaultLauncher.execute(DefaultLauncher.java:85)
	at org.junit.platform.launcher.core.DelegatingLauncher.execute(DelegatingLauncher.java:47)
	at org.apache.maven.surefire.junitplatform.LazyLauncher.execute(LazyLauncher.java:56)
	at org.apache.maven.surefire.junitplatform.JUnitPlatformProvider.execute(JUnitPlatformProvider.java:184)
	at org.apache.maven.surefire.junitplatform.JUnitPlatformProvider.invokeAllTests(JUnitPlatformProvider.java:148)
	at org.apache.maven.surefire.junitplatform.JUnitPlatformProvider.invoke(JUnitPlatformProvider.java:122)
	at org.apache.maven.surefire.booter.ForkedBooter.runSuitesInProcess(ForkedBooter.java:385)
	at org.apache.maven.surefire.booter.ForkedBooter.execute(ForkedBooter.java:162)
	at org.apache.maven.surefire.booter.ForkedBooter.run(ForkedBooter.java:507)
	at org.apache.maven.surefire.booter.ForkedBooter.main(ForkedBooter.java:495)
]]></system-err>
  </testcase>
  <testcase name="testHighThreadCount" classname="spl.lae.LinearAlgebraEngineTest" time="0.02">
    <system-out><![CDATA[Starting execution with 100 threads...
Computation finished successfully in 2ms.
--- Worker Activity Report ---
Worker 0: Fatigue=75345.32495209585, TimeUsed=58800, TimeIdle=13032800
Worker 1: Fatigue=0.0, TimeUsed=0, TimeIdle=12880000
Worker 2: Fatigue=0.0, TimeUsed=0, TimeIdle=12799500
Worker 3: Fatigue=0.0, TimeUsed=0, TimeIdle=12598300
Worker 4: Fatigue=0.0, TimeUsed=0, TimeIdle=12431200
Worker 5: Fatigue=0.0, TimeUsed=0, TimeIdle=12301300
Worker 6: Fatigue=0.0, TimeUsed=0, TimeIdle=12205400
Worker 7: Fatigue=0.0, TimeUsed=0, TimeIdle=12142500
Worker 8: Fatigue=0.0, TimeUsed=0, TimeIdle=12079100
Worker 9: Fatigue=0.0, TimeUsed=0, TimeIdle=11959700
Worker 10: Fatigue=0.0, TimeUsed=0, TimeIdle=11866600
Worker 11: Fatigue=0.0, TimeUsed=0, TimeIdle=11799700
Worker 12: Fatigue=0.0, TimeUsed=0, TimeIdle=11565500
Worker 13: Fatigue=0.0, TimeUsed=0, TimeIdle=11494100
Worker 14: Fatigue=0.0, TimeUsed=0, TimeIdle=11415600
Worker 15: Fatigue=0.0, TimeUsed=0, TimeIdle=11261500
Worker 16: Fatigue=0.0, TimeUsed=0, TimeIdle=11141300
Worker 17: Fatigue=0.0, TimeUsed=0, TimeIdle=11043200
Worker 18: Fatigue=0.0, TimeUsed=0, TimeIdle=10883800
Worker 19: Fatigue=0.0, TimeUsed=0, TimeIdle=10667300
Worker 20: Fatigue=0.0, TimeUsed=0, TimeIdle=10561800
Worker 21: Fatigue=0.0, TimeUsed=0, TimeIdle=10363000
Worker 22: Fatigue=0.0, TimeUsed=0, TimeIdle=10273500
Worker 23: Fatigue=0.0, TimeUsed=0, TimeIdle=10065400
Worker 24: Fatigue=0.0, TimeUsed=0, TimeIdle=9972900
Worker 25: Fatigue=0.0, TimeUsed=0, TimeIdle=9899400
Worker 26: Fatigue=0.0, TimeUsed=0, TimeIdle=9794100
Worker 27: Fatigue=0.0, TimeUsed=0, TimeIdle=9705700
Worker 28: Fatigue=0.0, TimeUsed=0, TimeIdle=9628000
Worker 29: Fatigue=0.0, TimeUsed=0, TimeIdle=9416300
Worker 30: Fatigue=0.0, TimeUsed=0, TimeIdle=8875500
Worker 31: Fatigue=0.0, TimeUsed=0, TimeIdle=8764600
Worker 32: Fatigue=0.0, TimeUsed=0, TimeIdle=8654600
Worker 33: Fatigue=0.0, TimeUsed=0, TimeIdle=8532300
Worker 34: Fatigue=0.0, TimeUsed=0, TimeIdle=8464200
Worker 35: Fatigue=0.0, TimeUsed=0, TimeIdle=8301100
Worker 36: Fatigue=0.0, TimeUsed=0, TimeIdle=8147800
Worker 37: Fatigue=0.0, TimeUsed=0, TimeIdle=8035400
Worker 38: Fatigue=0.0, TimeUsed=0, TimeIdle=7970600
Worker 39: Fatigue=0.0, TimeUsed=0, TimeIdle=7877800
Worker 40: Fatigue=0.0, TimeUsed=0, TimeIdle=7756600
Worker 41: Fatigue=0.0, TimeUsed=0, TimeIdle=7673500
Worker 42: Fatigue=0.0, TimeUsed=0, TimeIdle=7618200
Worker 43: Fatigue=0.0, TimeUsed=0, TimeIdle=7523400
Worker 44: Fatigue=0.0, TimeUsed=0, TimeIdle=7388200
Worker 45: Fatigue=0.0, TimeUsed=0, TimeIdle=7346300
Worker 46: Fatigue=0.0, TimeUsed=0, TimeIdle=7281000
Worker 47: Fatigue=0.0, TimeUsed=0, TimeIdle=7190000
Worker 48: Fatigue=0.0, TimeUsed=0, TimeIdle=7016000
Worker 49: Fatigue=0.0, TimeUsed=0, TimeIdle=6892000
Worker 50: Fatigue=0.0, TimeUsed=0, TimeIdle=6790900
Worker 51: Fatigue=0.0, TimeUsed=0, TimeIdle=6687200
Worker 52: Fatigue=0.0, TimeUsed=0, TimeIdle=6614800
Worker 53: Fatigue=0.0, TimeUsed=0, TimeIdle=6554500
Worker 54: Fatigue=0.0, TimeUsed=0, TimeIdle=6478700
Worker 55: Fatigue=0.0, TimeUsed=0, TimeIdle=6393400
Worker 56: Fatigue=0.0, TimeUsed=0, TimeIdle=6317400
Worker 57: Fatigue=0.0, TimeUsed=0, TimeIdle=6213800
Worker 58: Fatigue=0.0, TimeUsed=0, TimeIdle=6070500
Worker 59: Fatigue=0.0, TimeUsed=0, TimeIdle=5985800
Worker 60: Fatigue=0.0, TimeUsed=0, TimeIdle=5910500
Worker 61: Fatigue=0.0, TimeUsed=0, TimeIdle=5828900
Worker 62: Fatigue=0.0, TimeUsed=0, TimeIdle=5758400
Worker 63: Fatigue=0.0, TimeUsed=0, TimeIdle=5675800
Worker 64: Fatigue=0.0, TimeUsed=0, TimeIdle=5544500
Worker 65: Fatigue=0.0, TimeUsed=0, TimeIdle=5413700
Worker 66: Fatigue=0.0, TimeUsed=0, TimeIdle=5347800
Worker 67: Fatigue=0.0, TimeUsed=0, TimeIdle=5259800
Worker 68: Fatigue=0.0, TimeUsed=0, TimeIdle=5196000
Worker 69: Fatigue=0.0, TimeUsed=0, TimeIdle=5120300
Worker 70: Fatigue=0.0, TimeUsed=0, TimeIdle=5041400
Worker 71: Fatigue=0.0, TimeUsed=0, TimeIdle=4961500
Worker 72: Fatigue=0.0, TimeUsed=0, TimeIdle=4861400
Worker 73: Fatigue=0.0, TimeUsed=0, TimeIdle=4765100
Worker 74: Fatigue=0.0, TimeUsed=0, TimeIdle=4656500
Worker 75: Fatigue=0.0, TimeUsed=0, TimeIdle=4570800
Worker 76: Fatigue=0.0, TimeUsed=0, TimeIdle=4535800
Worker 77: Fatigue=0.0, TimeUsed=0, TimeIdle=4329300
Worker 78: Fatigue=0.0, TimeUsed=0, TimeIdle=4225200
Worker 79: Fatigue=0.0, TimeUsed=0, TimeIdle=4116800
Worker 80: Fatigue=0.0, TimeUsed=0, TimeIdle=3999600
Worker 81: Fatigue=0.0, TimeUsed=0, TimeIdle=3908600
Worker 82: Fatigue=0.0, TimeUsed=0, TimeIdle=3798300
Worker 83: Fatigue=0.0, TimeUsed=0, TimeIdle=3692800
Worker 84: Fatigue=0.0, TimeUsed=0, TimeIdle=3487500
Worker 85: Fatigue=0.0, TimeUsed=0, TimeIdle=3360600
Worker 86: Fatigue=0.0, TimeUsed=0, TimeIdle=3251300
Worker 87: Fatigue=0.0, TimeUsed=0, TimeIdle=3161900
Worker 88: Fatigue=0.0, TimeUsed=0, TimeIdle=3052100
Worker 89: Fatigue=0.0, TimeUsed=0, TimeIdle=2975400
Worker 90: Fatigue=0.0, TimeUsed=0, TimeIdle=2876500
Worker 91: Fatigue=0.0, TimeUsed=0, TimeIdle=2763400
Worker 92: Fatigue=0.0, TimeUsed=0, TimeIdle=2617800
Worker 93: Fatigue=0.0, TimeUsed=0, TimeIdle=2482800
Worker 94: Fatigue=0.0, TimeUsed=0, TimeIdle=2398300
Worker 95: Fatigue=0.0, TimeUsed=0, TimeIdle=2318500
Worker 96: Fatigue=0.0, TimeUsed=0, TimeIdle=2246600
Worker 97: Fatigue=0.0, TimeUsed=0, TimeIdle=2179700
Worker 98: Fatigue=0.0, TimeUsed=0, TimeIdle=2067300
Worker 99: Fatigue=22375.49518662372, TimeUsed=24300, TimeIdle=1960000

]]></system-out>
  </testcase>
  <testcase name="testInterruption" classname="spl.lae.LinearAlgebraEngineTest" time="0.063">
    <system-out><![CDATA[Starting execution with 2 threads...
Computation finished successfully in 40ms.
--- Worker Activity Report ---
Worker 0: Fatigue=2142155.2835725113, TimeUsed=2794100, TimeIdle=35950900
Worker 1: Fatigue=2142229.261928547, TimeUsed=1962900, TimeIdle=36761200

]]></system-out>
  </testcase>
  <testcase name="testFourNestedMatrices" classname="spl.lae.LinearAlgebraEngineTest" time="0.005">
    <system-out><![CDATA[Starting execution with 4 threads...
Computation finished successfully in 2ms.
--- Worker Activity Report ---
Worker 0: Fatigue=42744.43788916996, TimeUsed=29900, TimeIdle=1421200
Worker 1: Fatigue=5670.987820494738, TimeUsed=6700, TimeIdle=1297700
Worker 2: Fatigue=0.0, TimeUsed=0, TimeIdle=1233100
Worker 3: Fatigue=6548.599824170438, TimeUsed=9100, TimeIdle=1073900

]]></system-out>
  </testcase>
  <testcase name="testTwiceNesting" classname="spl.lae.LinearAlgebraEngineTest" time="0.006">
    <system-out><![CDATA[Starting execution with 4 threads...
Computation finished successfully in 1ms.
--- Worker Activity Report ---
Worker 0: Fatigue=10833.366942281771, TimeUsed=9300, TimeIdle=1457600
Worker 1: Fatigue=3977.403364577818, TimeUsed=3000, TimeIdle=1271500
Worker 2: Fatigue=39476.91390709248, TimeUsed=26400, TimeIdle=1132900
Worker 3: Fatigue=4082.8572579081147, TimeUsed=3300, TimeIdle=1015500

]]></system-out>
  </testcase>
  <testcase name="testMatrixWithNullValues" classname="spl.lae.LinearAlgebraEngineTest" time="0.006">
    <system-out><![CDATA[Starting execution with 2 threads...
Computation finished successfully in 1ms.
--- Worker Activity Report ---
Worker 0: Fatigue=13056.367191227533, TimeUsed=9500, TimeIdle=1117600
Worker 1: Fatigue=0.0, TimeUsed=0, TimeIdle=929200

]]></system-out>
  </testcase>
  <testcase name="testIncorrectFilePaths" classname="spl.lae.LinearAlgebraEngineTest" time="0.013">
    <failure message="Should throw IOException when output path is unwritable ==&gt; Expected java.io.IOException to be thrown, but nothing was thrown." type="org.opentest4j.AssertionFailedError"><![CDATA[org.opentest4j.AssertionFailedError: Should throw IOException when output path is unwritable ==> Expected java.io.IOException to be thrown, but nothing was thrown.
	at org.junit.jupiter.api.AssertionFailureBuilder.build(AssertionFailureBuilder.java:152)
	at org.junit.jupiter.api.AssertThrows.assertThrows(AssertThrows.java:73)
	at org.junit.jupiter.api.AssertThrows.assertThrows(AssertThrows.java:39)
	at org.junit.jupiter.api.Assertions.assertThrows(Assertions.java:3131)
	at spl.lae.LinearAlgebraEngineTest.testIncorrectFilePaths(LinearAlgebraEngineTest.java:282)
	at java.base/java.lang.reflect.Method.invoke(Method.java:580)
	at java.base/java.util.ArrayList.forEach(ArrayList.java:1597)
	at java.base/java.util.ArrayList.forEach(ArrayList.java:1597)
]]></failure>
    <system-out><![CDATA[Starting execution with 2 threads...
Starting execution with 2 threads...
]]></system-out>
    <system-err><![CDATA[An error occurred: Failed to read the input JSON file: C:\Users\User\AppData\Local\Temp\junit9837569807867894397\ghost.json (The system cannot find the file specified)
java.text.ParseException: Failed to read the input JSON file: C:\Users\User\AppData\Local\Temp\junit9837569807867894397\ghost.json (The system cannot find the file specified)
	at parser.InputParser.parse(InputParser.java:23)
	at spl.lae.Main.main(Main.java:31)
	at spl.lae.LinearAlgebraEngineTest.testIncorrectFilePaths(LinearAlgebraEngineTest.java:268)
	at java.base/jdk.internal.reflect.DirectMethodHandleAccessor.invoke(DirectMethodHandleAccessor.java:103)
	at java.base/java.lang.reflect.Method.invoke(Method.java:580)
	at org.junit.platform.commons.util.ReflectionUtils.invokeMethod(ReflectionUtils.java:728)
	at org.junit.jupiter.engine.execution.MethodInvocation.proceed(MethodInvocation.java:60)
	at org.junit.jupiter.engine.execution.InvocationInterceptorChain$ValidatingInvocation.proceed(InvocationInterceptorChain.java:131)
	at org.junit.jupiter.engine.extension.TimeoutExtension.intercept(TimeoutExtension.java:156)
	at org.junit.jupiter.engine.extension.TimeoutExtension.interceptTestableMethod(TimeoutExtension.java:147)
	at org.junit.jupiter.engine.extension.TimeoutExtension.interceptTestMethod(TimeoutExtension.java:86)
	at org.junit.jupiter.engine.execution.InterceptingExecutableInvoker$ReflectiveInterceptorCall.lambda$ofVoidMethod$0(InterceptingExecutableInvoker.java:103)
	at org.junit.jupiter.engine.execution.InterceptingExecutableInvoker.lambda$invoke$0(InterceptingExecutableInvoker.java:93)
	at org.junit.jupiter.engine.execution.InvocationInterceptorChain$InterceptedInvocation.proceed(InvocationInterceptorChain.java:106)
	at org.junit.jupiter.engine.execution.InvocationInterceptorChain.proceed(InvocationInterceptorChain.java:64)
	at org.junit.jupiter.engine.execution.InvocationInterceptorChain.chainAndInvoke(InvocationInterceptorChain.java:45)
	at org.junit.jupiter.engine.execution.InvocationInterceptorChain.invoke(InvocationInterceptorChain.java:37)
	at org.junit.jupiter.engine.execution.InterceptingExecutableInvoker.invoke(InterceptingExecutableInvoker.java:92)
	at org.junit.jupiter.engine.execution.InterceptingExecutableInvoker.invoke(InterceptingExecutableInvoker.java:86)
	at org.junit.jupiter.engine.descriptor.TestMethodTestDescriptor.lambda$invokeTestMethod$7(TestMethodTestDescriptor.java:218)
	at org.junit.platform.engine.support.hierarchical.ThrowableCollector.execute(ThrowableCollector.java:73)
	at org.junit.jupiter.engine.descriptor.TestMethodTestDescriptor.invokeTestMethod(TestMethodTestDescriptor.java:214)
	at org.junit.jupiter.engine.descriptor.TestMethodTestDescriptor.execute(TestMethodTestDescriptor.java:139)
	at org.junit.jupiter.engine.descriptor.TestMethodTestDescriptor.execute(TestMethodTestDescriptor.java:69)
	at org.junit.platform.engine.support.hierarchical.NodeTestTask.lambda$executeRecursively$6(NodeTestTask.java:151)
	at org.junit.platform.engine.support.hierarchical.ThrowableCollector.execute(ThrowableCollector.java:73)
	at org.junit.platform.engine.support.hierarchical.NodeTestTask.lambda$executeRecursively$8(NodeTestTask.java:141)
	at org.junit.platform.engine.support.hierarchical.Node.around(Node.java:137)
	at org.junit.platform.engine.support.hierarchical.NodeTestTask.lambda$executeRecursively$9(NodeTestTask.java:139)
	at org.junit.platform.engine.support.hierarchical.ThrowableCollector.execute(ThrowableCollector.java:73)
	at org.junit.platform.engine.support.hierarchical.NodeTestTask.executeRecursively(NodeTestTask.java:138)
	at org.junit.platform.engine.support.hierarchical.NodeTestTask.execute(NodeTestTask.java:95)
	at java.base/java.util.ArrayList.forEach(ArrayList.java:1597)
	at org.junit.platform.engine.support.hierarchical.SameThreadHierarchicalTestExecutorService.invokeAll(SameThreadHierarchicalTestExecutorService.java:41)
	at org.junit.platform.engine.support.hierarchical.NodeTestTask.lambda$executeRecursively$6(NodeTestTask.java:155)
	at org.junit.platform.engine.support.hierarchical.ThrowableCollector.execute(ThrowableCollector.java:73)
	at org.junit.platform.engine.support.hierarchical.NodeTestTask.lambda$executeRecursively$8(NodeTestTask.java:141)
	at org.junit.platform.engine.support.hierarchical.Node.around(Node.java:137)
	at org.junit.platform.engine.support.hierarchical.NodeTestTask.lambda$executeRecursively$9(NodeTestTask.java:139)
	at org.junit.platform.engine.support.hierarchical.ThrowableCollector.execute(ThrowableCollector.java:73)
	at org.junit.platform.engine.support.hierarchical.NodeTestTask.executeRecursively(NodeTestTask.java:138)
	at org.junit.platform.engine.support.hierarchical.NodeTestTask.execute(NodeTestTask.java:95)
	at java.base/java.util.ArrayList.forEach(ArrayList.java:1597)
	at org.junit.platform.engine.support.hierarchical.SameThreadHierarchicalTestExecutorService.invokeAll(SameThreadHierarchicalTestExecutorService.java:41)
	at org.junit.platform.engine.support.hierarchical.NodeTestTask.lambda$executeRecursively$6(NodeTestTask.java:155)
	at org.junit.platform.engine.support.hierarchical.ThrowableCollector.execute(ThrowableCollector.java:73)
	at org.junit.platform.engine.support.hierarchical.NodeTestTask.lambda$executeRecursively$8(NodeTestTask.java:141)
	at org.junit.platform.engine.support.hierarchical.Node.around(Node.java:137)
	at org.junit.platform.engine.support.hierarchical.NodeTestTask.lambda$executeRecursively$9(NodeTestTask.java:139)
	at org.junit.platform.engine.support.hierarchical.ThrowableCollector.execute(ThrowableCollector.java:73)
	at org.junit.platform.engine.support.hierarchical.NodeTestTask.executeRecursively(NodeTestTask.java:138)
	at org.junit.platform.engine.support.hierarchical.NodeTestTask.execute(NodeTestTask.java:95)
	at org.junit.platform.engine.support.hierarchical.SameThreadHierarchicalTestExecutorService.submit(SameThreadHierarchicalTestExecutorService.java:35)
	at org.junit.platform.engine.support.hierarchical.HierarchicalTestExecutor.execute(HierarchicalTestExecutor.java:57)
	at org.junit.platform.engine.support.hierarchical.HierarchicalTestEngine.execute(HierarchicalTestEngine.java:54)
	at org.junit.platform.launcher.core.EngineExecutionOrchestrator.execute(EngineExecutionOrchestrator.java:198)
	at org.junit.platform.launcher.core.EngineExecutionOrchestrator.execute(EngineExecutionOrchestrator.java:169)
	at org.junit.platform.launcher.core.EngineExecutionOrchestrator.execute(EngineExecutionOrchestrator.java:93)
	at org.junit.platform.launcher.core.EngineExecutionOrchestrator.lambda$execute$0(EngineExecutionOrchestrator.java:58)
	at org.junit.platform.launcher.core.EngineExecutionOrchestrator.withInterceptedStreams(EngineExecutionOrchestrator.java:141)
	at org.junit.platform.launcher.core.EngineExecutionOrchestrator.execute(EngineExecutionOrchestrator.java:57)
	at org.junit.platform.launcher.core.DefaultLauncher.execute(DefaultLauncher.java:103)
	at org.junit.platform.launcher.core.DefaultLauncher.execute(DefaultLauncher.java:85)
	at org.junit.platform.launcher.core.DelegatingLauncher.execute(DelegatingLauncher.java:47)
	at org.apache.maven.surefire.junitplatform.LazyLauncher.execute(LazyLauncher.java:56)
	at org.apache.maven.surefire.junitplatform.JUnitPlatformProvider.execute(JUnitPlatformProvider.java:184)
	at org.apache.maven.surefire.junitplatform.JUnitPlatformProvider.invokeAllTests(JUnitPlatformProvider.java:148)
	at org.apache.maven.surefire.junitplatform.JUnitPlatformProvider.invoke(JUnitPlatformProvider.java:122)
	at org.apache.maven.surefire.booter.ForkedBooter.runSuitesInProcess(ForkedBooter.java:385)
	at org.apache.maven.surefire.booter.ForkedBooter.execute(ForkedBooter.java:162)
	at org.apache.maven.surefire.booter.ForkedBooter.run(ForkedBooter.java:507)
	at org.apache.maven.surefire.booter.ForkedBooter.main(ForkedBooter.java:495)
An error occurred: C:\Users\User\AppData\Local\Temp\junit9837569807867894397 (Access is denied)
java.io.FileNotFoundException: C:\Users\User\AppData\Local\Temp\junit9837569807867894397 (Access is denied)
	at java.base/java.io.FileOutputStream.open0(Native Method)
	at java.base/java.io.FileOutputStream.open(FileOutputStream.java:295)
	at java.base/java.io.FileOutputStream.<init>(FileOutputStream.java:237)
	at java.base/java.io.FileOutputStream.<init>(FileOutputStream.java:185)
	at com.fasterxml.jackson.core.TokenStreamFactory._fileOutputStream(TokenStreamFactory.java:334)
	at com.fasterxml.jackson.core.JsonFactory.createGenerator(JsonFactory.java:1558)
	at com.fasterxml.jackson.databind.ObjectWriter.createGenerator(ObjectWriter.java:764)
	at com.fasterxml.jackson.databind.ObjectWriter.writeValue(ObjectWriter.java:1081)
	at parser.OutputWriter.write(OutputWriter.java:26)
	at spl.lae.Main.main(Main.java:40)
	at spl.lae.LinearAlgebraEngineTest.lambda$testIncorrectFilePaths$1(LinearAlgebraEngineTest.java:283)
	at org.junit.jupiter.api.AssertThrows.assertThrows(AssertThrows.java:53)
	at org.junit.jupiter.api.AssertThrows.assertThrows(AssertThrows.java:39)
	at org.junit.jupiter.api.Assertions.assertThrows(Assertions.java:3131)
	at spl.lae.LinearAlgebraEngineTest.testIncorrectFilePaths(LinearAlgebraEngineTest.java:282)
	at java.base/jdk.internal.reflect.DirectMethodHandleAccessor.invoke(DirectMethodHandleAccessor.java:103)
	at java.base/java.lang.reflect.Method.invoke(Method.java:580)
	at org.junit.platform.commons.util.ReflectionUtils.invokeMethod(ReflectionUtils.java:728)
	at org.junit.jupiter.engine.execution.MethodInvocation.proceed(MethodInvocation.java:60)
	at org.junit.jupiter.engine.execution.InvocationInterceptorChain$ValidatingInvocation.proceed(InvocationInterceptorChain.java:131)
	at org.junit.jupiter.engine.extension.TimeoutExtension.intercept(TimeoutExtension.java:156)
	at org.junit.jupiter.engine.extension.TimeoutExtension.interceptTestableMethod(TimeoutExtension.java:147)
	at org.junit.jupiter.engine.extension.TimeoutExtension.interceptTestMethod(TimeoutExtension.java:86)
	at org.junit.jupiter.engine.execution.InterceptingExecutableInvoker$ReflectiveInterceptorCall.lambda$ofVoidMethod$0(InterceptingExecutableInvoker.java:103)
	at org.junit.jupiter.engine.execution.InterceptingExecutableInvoker.lambda$invoke$0(InterceptingExecutableInvoker.java:93)
	at org.junit.jupiter.engine.execution.InvocationInterceptorChain$InterceptedInvocation.proceed(InvocationInterceptorChain.java:106)
	at org.junit.jupiter.engine.execution.InvocationInterceptorChain.proceed(InvocationInterceptorChain.java:64)
	at org.junit.jupiter.engine.execution.InvocationInterceptorChain.chainAndInvoke(InvocationInterceptorChain.java:45)
	at org.junit.jupiter.engine.execution.InvocationInterceptorChain.invoke(InvocationInterceptorChain.java:37)
	at org.junit.jupiter.engine.execution.InterceptingExecutableInvoker.invoke(InterceptingExecutableInvoker.java:92)
	at org.junit.jupiter.engine.execution.InterceptingExecutableInvoker.invoke(InterceptingExecutableInvoker.java:86)
	at org.junit.jupiter.engine.descriptor.TestMethodTestDescriptor.lambda$invokeTestMethod$7(TestMethodTestDescriptor.java:218)
	at org.junit.platform.engine.support.hierarchical.ThrowableCollector.execute(ThrowableCollector.java:73)
	at org.junit.jupiter.engine.descriptor.TestMethodTestDescriptor.invokeTestMethod(TestMethodTestDescriptor.java:214)
	at org.junit.jupiter.engine.descriptor.TestMethodTestDescriptor.execute(TestMethodTestDescriptor.java:139)
	at org.junit.jupiter.engine.descriptor.TestMethodTestDescriptor.execute(TestMethodTestDescriptor.java:69)
	at org.junit.platform.engine.support.hierarchical.NodeTestTask.lambda$executeRecursively$6(NodeTestTask.java:151)
	at org.junit.platform.engine.support.hierarchical.ThrowableCollector.execute(ThrowableCollector.java:73)
	at org.junit.platform.engine.support.hierarchical.NodeTestTask.lambda$executeRecursively$8(NodeTestTask.java:141)
	at org.junit.platform.engine.support.hierarchical.Node.around(Node.java:137)
	at org.junit.platform.engine.support.hierarchical.NodeTestTask.lambda$executeRecursively$9(NodeTestTask.java:139)
	at org.junit.platform.engine.support.hierarchical.ThrowableCollector.execute(ThrowableCollector.java:73)
	at org.junit.platform.engine.support.hierarchical.NodeTestTask.executeRecursively(NodeTestTask.java:138)
	at org.junit.platform.engine.support.hierarchical.NodeTestTask.execute(NodeTestTask.java:95)
	at java.base/java.util.ArrayList.forEach(ArrayList.java:1597)
	at org.junit.platform.engine.support.hierarchical.SameThreadHierarchicalTestExecutorService.invokeAll(SameThreadHierarchicalTestExecutorService.java:41)
	at org.junit.platform.engine.support.hierarchical.NodeTestTask.lambda$executeRecursively$6(NodeTestTask.java:155)
	at org.junit.platform.engine.support.hierarchical.ThrowableCollector.execute(ThrowableCollector.java:73)
	at org.junit.platform.engine.support.hierarchical.NodeTestTask.lambda$executeRecursively$8(NodeTestTask.java:141)
	at org.junit.platform.engine.support.hierarchical.Node.around(Node.java:137)
	at org.junit.platform.engine.support.hierarchical.NodeTestTask.lambda$executeRecursively$9(NodeTestTask.java:139)
	at org.junit.platform.engine.support.hierarchical.ThrowableCollector.execute(ThrowableCollector.java:73)
	at org.junit.platform.engine.support.hierarchical.NodeTestTask.executeRecursively(NodeTestTask.java:138)
	at org.junit.platform.engine.support.hierarchical.NodeTestTask.execute(NodeTestTask.java:95)
	at java.base/java.util.ArrayList.forEach(ArrayList.java:1597)
	at org.junit.platform.engine.support.hierarchical.SameThreadHierarchicalTestExecutorService.invokeAll(SameThreadHierarchicalTestExecutorService.java:41)
	at org.junit.platform.engine.support.hierarchical.NodeTestTask.lambda$executeRecursively$6(NodeTestTask.java:155)
	at org.junit.platform.engine.support.hierarchical.ThrowableCollector.execute(ThrowableCollector.java:73)
	at org.junit.platform.engine.support.hierarchical.NodeTestTask.lambda$executeRecursively$8(NodeTestTask.java:141)
	at org.junit.platform.engine.support.hierarchical.Node.around(Node.java:137)
	at org.junit.platform.engine.support.hierarchical.NodeTestTask.lambda$executeRecursively$9(NodeTestTask.java:139)
	at org.junit.platform.engine.support.hierarchical.ThrowableCollector.execute(ThrowableCollector.java:73)
	at org.junit.platform.engine.support.hierarchical.NodeTestTask.executeRecursively(NodeTestTask.java:138)
	at org.junit.platform.engine.support.hierarchical.NodeTestTask.execute(NodeTestTask.java:95)
	at org.junit.platform.engine.support.hierarchical.SameThreadHierarchicalTestExecutorService.submit(SameThreadHierarchicalTestExecutorService.java:35)
	at org.junit.platform.engine.support.hierarchical.HierarchicalTestExecutor.execute(HierarchicalTestExecutor.java:57)
	at org.junit.platform.engine.support.hierarchical.HierarchicalTestEngine.execute(HierarchicalTestEngine.java:54)
	at org.junit.platform.launcher.core.EngineExecutionOrchestrator.execute(EngineExecutionOrchestrator.java:198)
	at org.junit.platform.launcher.core.EngineExecutionOrchestrator.execute(EngineExecutionOrchestrator.java:169)
	at org.junit.platform.launcher.core.EngineExecutionOrchestrator.execute(EngineExecutionOrchestrator.java:93)
	at org.junit.platform.launcher.core.EngineExecutionOrchestrator.lambda$execute$0(EngineExecutionOrchestrator.java:58)
	at org.junit.platform.launcher.core.EngineExecutionOrchestrator.withInterceptedStreams(EngineExecutionOrchestrator.java:141)
	at org.junit.platform.launcher.core.EngineExecutionOrchestrator.execute(EngineExecutionOrchestrator.java:57)
	at org.junit.platform.launcher.core.DefaultLauncher.execute(DefaultLauncher.java:103)
	at org.junit.platform.launcher.core.DefaultLauncher.execute(DefaultLauncher.java:85)
	at org.junit.platform.launcher.core.DelegatingLauncher.execute(DelegatingLauncher.java:47)
	at org.apache.maven.surefire.junitplatform.LazyLauncher.execute(LazyLauncher.java:56)
	at org.apache.maven.surefire.junitplatform.JUnitPlatformProvider.execute(JUnitPlatformProvider.java:184)
	at org.apache.maven.surefire.junitplatform.JUnitPlatformProvider.invokeAllTests(JUnitPlatformProvider.java:148)
	at org.apache.maven.surefire.junitplatform.JUnitPlatformProvider.invoke(JUnitPlatformProvider.java:122)
	at org.apache.maven.surefire.booter.ForkedBooter.runSuitesInProcess(ForkedBooter.java:385)
	at org.apache.maven.surefire.booter.ForkedBooter.execute(ForkedBooter.java:162)
	at org.apache.maven.surefire.booter.ForkedBooter.run(ForkedBooter.java:507)
	at org.apache.maven.surefire.booter.ForkedBooter.main(ForkedBooter.java:495)
Failed to write error to output file.
]]></system-err>
  </testcase>
</testsuite>