<?xml version="1.0" encoding="UTF-8"?>
<testsuite xmlns:xsi="http://www.w3.org/2001/XMLSchema-instance" xsi:noNamespaceSchemaLocation="https://maven.apache.org/surefire/maven-surefire-plugin/xsd/surefire-test-report-3.0.xsd" version="3.0" name="scheduling.TiredThreadTest" time="1.162" tests="7" errors="0" skipped="0" failures="0">
  <properties>
[...]
</properties>
  <testcase name="testRunLogicWithPoisonPill" classname="scheduling.TiredThreadTest" time="0.003"/>
  <testcase name="testRun_InterruptionWhileIdle" classname="scheduling.TiredThreadTest" time="0.213"/>
  <testcase name="testStressTest" classname="scheduling.TiredThreadTest" time="0.217"/>
  <testcase name="testShutdown_UnableToAddPoisonPill" classname="scheduling.TiredThreadTest" time="0.205"/>
  <testcase name="testRun_TimeCorrectnessOnError" classname="scheduling.TiredThreadTest" time="0.509">
    <system-err><![CDATA[java.lang.RuntimeException: Crash!
	at scheduling.TiredThreadTest.lambda$testRun_TimeCorrectnessOnError$10(TiredThreadTest.java:177)
	at scheduling.TiredThread.run(TiredThread.java:98)
]]></system-err>
  </testcase>
  <testcase name="testNewTask_WhenHandoffFull_ThrowsException" classname="scheduling.TiredThreadTest" time="0.006"/>
  <testcase name="testShutdown_Interruption" classname="scheduling.TiredThreadTest" time="0.005"/>
</testsuite>