<?xml version="1.0" encoding="UTF-8"?>
<testsuite xmlns:xsi="http://www.w3.org/2001/XMLSchema-instance" xsi:noNamespaceSchemaLocation="https://maven.apache.org/surefire/maven-surefire-plugin/xsd/surefire-test-report-3.0.xsd" version="3.0" name="spl.lae.LinearAlgebraEngineTest" time="0.582" tests="10" errors="0" skipped="0" failures="0">
  <properties>
[...]
</properties>
  <testcase name="testAssociativeNesting" classname="spl.lae.LinearAlgebraEngineTest" time="0.096">
    <system-out><![CDATA[Starting execution with 2 threads...
Computation finished successfully in 42ms.
--- Worker Activity Report ---
Worker 0: Fatigue=62197.48514108773, TimeUsed=43800, TimeIdle=18978800
Worker 1: Fatigue=25268.734533668256, TimeUsed=21900, TimeIdle=18656000

]]></system-out>
  </testcase>
  <testcase name="testAllOperationsComplex" classname="spl.lae.LinearAlgebraEngineTest" time="0.009">
    <system-out><![CDATA[Starting execution with 4 threads...
Computation finished successfully in 5ms.
--- Worker Activity Report ---
Worker 0: Fatigue=22776.95063651619, TimeUsed=24500, TimeIdle=4429300
Worker 1: Fatigue=37145.679091322745, TimeUsed=31200, TimeIdle=4183000
Worker 2: Fatigue=40195.656159365506, TimeUsed=51600, TimeIdle=4066900
Worker 3: Fatigue=34304.60025253429, TimeUsed=36800, TimeIdle=3874200

]]></system-out>
  </testcase>
  <testcase name="testHugeInput" classname="spl.lae.LinearAlgebraEngineTest" time="0.191">
    <system-out><![CDATA[Starting execution with 8 threads...
Computation finished successfully in 102ms.
--- Worker Activity Report ---
Worker 0: Fatigue=2715251.794462232, TimeUsed=2356800, TimeIdle=66372400
Worker 1: Fatigue=2739892.0602293564, TimeUsed=2327500, TimeIdle=65976100
Worker 2: Fatigue=2242724.6726008416, TimeUsed=3502600, TimeIdle=64477400
Worker 3: Fatigue=2128137.8377527934, TimeUsed=3525700, TimeIdle=64318900
Worker 4: Fatigue=2750086.486913965, TimeUsed=2459000, TimeIdle=65228400
Worker 5: Fatigue=2766298.414172864, TimeUsed=2278700, TimeIdle=65242000
Worker 6: Fatigue=2669234.8925766223, TimeUsed=2884500, TimeIdle=64437700
Worker 7: Fatigue=2153480.9363413085, TimeUsed=3468500, TimeIdle=63721900

Huge input took: 104ms
]]></system-out>
  </testcase>
  <testcase name="testInvalidDimensions" classname="spl.lae.LinearAlgebraEngineTest" time="0.009">
    <system-out><![CDATA[Starting execution with 2 threads...
]]></system-out>
    <system-err><![CDATA[An error occurred: Matrix dimensions do not match for addition.
java.lang.IllegalArgumentException: Matrix dimensions do not match for addition.
	at spl.lae.LinearAlgebraEngine.loadAndCompute(LinearAlgebraEngine.java:50)
	at spl.lae.LinearAlgebraEngine.run(LinearAlgebraEngine.java:28)
	at spl.lae.Main.main(Main.java:37)
	at spl.lae.LinearAlgebraEngineTest.testInvalidDimensions(LinearAlgebraEngineTest.java:182)
	at java.base/jdk.internal.reflect.DirectMethodHandleAccessor.invoke(DirectMethodHandleAccessor.java:103)
	at java.base/java.lang.reflect.Method.invoke(Method.java:580)
	at org.junit.platform.commons.util.ReflectionUtils.invokeMethod(ReflectionUtils.java:728)
	at org.junit.jupiter.engine.execution.MethodInvocation.proceed(MethodInvocation.java:60)
	at org.junit.jupiter.engine.execution.InvocationInterceptorChain$ValidatingInvocation.proceed(InvocationInterceptorChain.java:131)
	at org.junit.jupiter.engine.extension.TimeoutExtension.intercept(TimeoutExtension.java:156)
	at org.junit.jupiter.engine.extension.TimeoutExtension.interceptTestableMethod(TimeoutExtension.java:147)
	at org.junit.jupiter.engine.extension.TimeoutExtension.interceptTestMethod(TimeoutExtension.java:86)
	at org.junit.jupiter.engine.execution.InterceptingExecutableInvoker$ReflectiveInterceptorCall.lambda$ofVoidMethod$0(InterceptingExecutableInvoker.java:103)
	at org.junit.jupiter.engine.execution.InterceptingExecutableInvoker.lambda$invoke$0(InterceptingExecutableInvoker.java:93)
	at org.junit.jupiter.engine.execution.InvocationInterceptorChain$InterceptedInvocation.proceed(InvocationInterceptorChain.java:106)
	at org.junit.jupiter.engine.execution.InvocationInterceptorChain.proceed(InvocationInterceptorChain.java:64)
	at org.junit.jupiter.engine.execution.InvocationInterceptorChain.chainAndInvoke(InvocationInterceptorChain.java:45)
	at org.junit.jupiter.engine.execution.InvocationInterceptorChain.invoke(InvocationInterceptorChain.java:37)
	at org.junit.jupiter.engine.execution.InterceptingExecutableInvoker.invoke(InterceptingExecutableInvoker.java:92)
	at org.junit.jupiter.engine.execution.InterceptingExecutableInvoker.invoke(InterceptingExecutableInvoker.java:86)
	at org.junit.jupiter.engine.descriptor.TestMethodTestDescriptor.lambda$invokeTestMethod$7(TestMethodTestDescriptor.java:218)
	at org.junit.platform.engine.support.hierarchical.ThrowableCollector.execute(ThrowableCollector.java:73)
	at org.junit.jupiter.engine.descriptor.TestMethodTestDescriptor.invokeTestMethod(TestMethodTestDescriptor.java:214)
	at org.junit.jupiter.engine.descriptor.TestMethodTestDescriptor.execute(TestMethodTestDescriptor.java:139)
	at org.junit.jupiter.engine.descriptor.TestMethodTestDescriptor.execute(TestMethodTestDescriptor.java:69)
	at org.junit.platform.engine.support.hierarchical.NodeTestTask.lambda$executeRecursively$6(NodeTestTask.java:151)
	at org.junit.platform.engine.support.hierarchical.ThrowableCollector.execute(ThrowableCollector.java:73)
	at org.junit.platform.engine.support.hierarchical.NodeTestTask.lambda$executeRecursively$8(NodeTestTask.java:141)
	at org.junit.platform.engine.support.hierarchical.Node.around(Node.java:137)
	at org.junit.platform.engine.support.hierarchical.NodeTestTask.lambda$executeRecursively$9(NodeTestTask.java:139)
	at org.junit.platform.engine.support.hierarchical.ThrowableCollector.execute(ThrowableCollector.java:73)
	at org.junit.platform.engine.support.hierarchical.NodeTestTask.executeRecursively(NodeTestTask.java:138)
	at org.junit.platform.engine.support.hierarchical.NodeTestTask.execute(NodeTestTask.java:95)
	at java.base/java.util.ArrayList.forEach(ArrayList.java:1597)
	at org.junit.platform.engine.support.hierarchical.SameThreadHierarchicalTestExecutorService.invokeAll(SameThreadHierarchicalTestExecutorService.java:41)
	at org.junit.platform.engine.support.hierarchical.NodeTestTask.lambda$executeRecursively$6(NodeTestTask.java:155)
	at org.junit.platform.engine.support.hierarchical.ThrowableCollector.execute(ThrowableCollector.java:73)
	at org.junit.platform.engine.support.hierarchical.NodeTestTask.lambda$executeRecursively$8(NodeTestTask.java:141)
	at org.junit.platform.engine.support.hierarchical.Node.around(Node.java:137)
	at org.junit.platform.engine.support.hierarchical.NodeTestTask.lambda$executeRecursively$9(NodeTestTask.java:139)
	at org.junit.platform.engine.support.hierarchical.ThrowableCollector.execute(ThrowableCollector.java:73)
	at org.junit.platform.engine.support.hierarchical.NodeTestTask.executeRecursively(NodeTestTask.java:138)
	at org.junit.platform.engine.support.hierarchical.NodeTestTask.execute(NodeTestTask.java:95)
	at java.base/java.util.ArrayList.forEach(ArrayList.java:1597)
	at org.junit.platform.engine.support.hierarchical.SameThreadHierarchicalTestExecutorService.invokeAll(SameThreadHierarchicalTestExecutorService.java:41)
	at org.junit.platform.engine.support.hierarchical.NodeTestTask.lambda$executeRecursively$6(NodeTestTask.java:155)
	at org.junit.platform.engine.support.hierarchical.ThrowableCollector.execute(ThrowableCollector.java:73)
	at org.junit.platform.engine.support.hierarchical.NodeTestTask.lambda$executeRecursively$8(NodeTestTask.java:141)
	at org.junit.platform.engine.support.hierarchical.Node.around(Node.java:137)
	at org.junit.platform.engine.support.hierarchical.NodeTestTask.lambda$executeRecursively$9(NodeTestTask.java:139)
	at org.junit.platform.engine.support.hierarchical.ThrowableCollector.execute(ThrowableCollector.java:73)
	at org.junit.platform.engine.support.hierarchical.NodeTestTask.executeRecursively(NodeTestTask.java:138)
	at org.junit.platform.engine.support.hierarchical.NodeTestTask.execute(NodeTestTask.java:95)
	at org.junit.platform.engine.support.hierarchical.SameThreadHierarchicalTestExecutorService.submit(SameThreadHierarchicalTestExecutorService.java:35)
	at org.junit.platform.engine.support.hierarchical.HierarchicalTestExecutor.execute(HierarchicalTestExecutor.java:57)
	at org.junit.platform.engine.support.hierarchical.HierarchicalTestEngine.execute(HierarchicalTestEngine.java:54)
	at org.junit.platform.launcher.core.EngineExecutionOrchestrator.execute(EngineExecutionOrchestrator.java:198)
	at org.junit.platform.launcher.core.EngineExecutionOrchestrator.execute(EngineExecutionOrchestrator.java:169)
	at org.junit.platform.launcher.core.EngineExecutionOrchestrator.execute(EngineExecutionOrchestrator.java:93)
	at org.junit.platform.launcher.core.EngineExecutionOrchestrator.lambda$execute$0(EngineExecutionOrchestrator.java:58)
	at org.junit.platform.launcher.core.EngineExecutionOrchestrator.withInterceptedStreams(EngineExecutionOrchestrator.java:141)
	at org.junit.platform.launcher.core.EngineExecutionOrchestrator.execute(EngineExecutionOrchestrator.java:57)
	at org.junit.platform.launcher.core.DefaultLauncher.execute(DefaultLauncher.java:103)
	at org.junit.platform.launcher.core.DefaultLauncher.execute(DefaultLauncher.java:85)
	at org.junit.platform.launcher.core.DelegatingLauncher.execute(DelegatingLauncher.java:47)
	at org.apache.maven.surefire.junitplatform.LazyLauncher.execute(LazyLauncher.java:56)
	at org.apache.maven.surefire.junitplatform.JUnitPlatformProvider.execute(JUnitPlatformProvider.java:184)
	at org.apache.maven.surefire.junitplatform.JUnitPlatformProvider.invokeAllTests(JUnitPlatformProvider.java:148)
	at org.apache.maven.surefire.junitplatform.JUnitPlatformProvider.invoke(JUnitPlatformProvider.java:122)
	at org.apache.maven.surefire.booter.ForkedBooter.runSuitesInProcess(ForkedBooter.java:385)
	at org.apache.maven.surefire.booter.ForkedBooter.execute(ForkedBooter.java:162)
	at org.apache.maven.surefire.booter.ForkedBooter.run(ForkedBooter.java:507)
	at org.apache.maven.surefire.booter.ForkedBooter.main(ForkedBooter.java:495)
]]></system-err>
  </testcase>
  <testcase name="testHighThreadCount" classname="spl.lae.LinearAlgebraEngineTest" time="0.054">
    <system-out><![CDATA[Starting execution with 100 threads...
Computation finished successfully in 21ms.
--- Worker Activity Report ---
Worker 0: Fatigue=98168.94231206867, TimeUsed=71400, TimeIdle=12698800
Worker 1: Fatigue=0.0, TimeUsed=0, TimeIdle=12597200
Worker 2: Fatigue=0.0, TimeUsed=0, TimeIdle=12500400
Worker 3: Fatigue=0.0, TimeUsed=0, TimeIdle=12438800
Worker 4: Fatigue=0.0, TimeUsed=0, TimeIdle=12325900
Worker 5: Fatigue=0.0, TimeUsed=0, TimeIdle=12335500
Worker 6: Fatigue=0.0, TimeUsed=0, TimeIdle=12217800
Worker 7: Fatigue=0.0, TimeUsed=0, TimeIdle=12147300
Worker 8: Fatigue=0.0, TimeUsed=0, TimeIdle=12121200
Worker 9: Fatigue=0.0, TimeUsed=0, TimeIdle=11991300
Worker 10: Fatigue=0.0, TimeUsed=0, TimeIdle=11919200
Worker 11: Fatigue=0.0, TimeUsed=0, TimeIdle=11828700
Worker 12: Fatigue=0.0, TimeUsed=0, TimeIdle=11632500
Worker 13: Fatigue=0.0, TimeUsed=0, TimeIdle=11510400
Worker 14: Fatigue=0.0, TimeUsed=0, TimeIdle=11419700
Worker 15: Fatigue=0.0, TimeUsed=0, TimeIdle=11339300
Worker 16: Fatigue=0.0, TimeUsed=0, TimeIdle=11193000
Worker 17: Fatigue=0.0, TimeUsed=0, TimeIdle=11135200
Worker 18: Fatigue=0.0, TimeUsed=0, TimeIdle=11019100
Worker 19: Fatigue=0.0, TimeUsed=0, TimeIdle=10881400
Worker 20: Fatigue=0.0, TimeUsed=0, TimeIdle=10783600
Worker 21: Fatigue=0.0, TimeUsed=0, TimeIdle=10630200
Worker 22: Fatigue=0.0, TimeUsed=0, TimeIdle=10489300
Worker 23: Fatigue=0.0, TimeUsed=0, TimeIdle=10394800
Worker 24: Fatigue=0.0, TimeUsed=0, TimeIdle=10313800
Worker 25: Fatigue=0.0, TimeUsed=0, TimeIdle=10203600
Worker 26: Fatigue=0.0, TimeUsed=0, TimeIdle=10145300
Worker 27: Fatigue=0.0, TimeUsed=0, TimeIdle=10022400
Worker 28: Fatigue=0.0, TimeUsed=0, TimeIdle=9883600
Worker 29: Fatigue=0.0, TimeUsed=0, TimeIdle=9788400
Worker 30: Fatigue=0.0, TimeUsed=0, TimeIdle=9705900
Worker 31: Fatigue=0.0, TimeUsed=0, TimeIdle=9622400
Worker 32: Fatigue=0.0, TimeUsed=0, TimeIdle=9518700
Worker 33: Fatigue=0.0, TimeUsed=0, TimeIdle=9410600
Worker 34: Fatigue=0.0, TimeUsed=0, TimeIdle=9357300
Worker 35: Fatigue=0.0, TimeUsed=0, TimeIdle=9217000
Worker 36: Fatigue=0.0, TimeUsed=0, TimeIdle=9146500
Worker 37: Fatigue=0.0, TimeUsed=0, TimeIdle=9041500
Worker 38: Fatigue=0.0, TimeUsed=0, TimeIdle=8949300
Worker 39: Fatigue=0.0, TimeUsed=0, TimeIdle=8853000
Worker 40: Fatigue=0.0, TimeUsed=0, TimeIdle=8751200
Worker 41: Fatigue=0.0, TimeUsed=0, TimeIdle=8764500
Worker 42: Fatigue=0.0, TimeUsed=0, TimeIdle=8757900
Worker 43: Fatigue=0.0, TimeUsed=0, TimeIdle=17353000
Worker 44: Fatigue=0.0, TimeUsed=0, TimeIdle=9458300
Worker 45: Fatigue=0.0, TimeUsed=0, TimeIdle=9411800
Worker 46: Fatigue=0.0, TimeUsed=0, TimeIdle=17128000
Worker 47: Fatigue=0.0, TimeUsed=0, TimeIdle=17040600
Worker 48: Fatigue=0.0, TimeUsed=0, TimeIdle=8967400
Worker 49: Fatigue=0.0, TimeUsed=0, TimeIdle=8828000
Worker 50: Fatigue=0.0, TimeUsed=0, TimeIdle=16504200
Worker 51: Fatigue=0.0, TimeUsed=0, TimeIdle=16413900
Worker 52: Fatigue=0.0, TimeUsed=0, TimeIdle=8507100
Worker 53: Fatigue=0.0, TimeUsed=0, TimeIdle=8349700
Worker 54: Fatigue=0.0, TimeUsed=0, TimeIdle=16049800
Worker 55: Fatigue=0.0, TimeUsed=0, TimeIdle=15935700
Worker 56: Fatigue=0.0, TimeUsed=0, TimeIdle=7976800
Worker 57: Fatigue=0.0, TimeUsed=0, TimeIdle=7877800
Worker 58: Fatigue=0.0, TimeUsed=0, TimeIdle=15587300
Worker 59: Fatigue=0.0, TimeUsed=0, TimeIdle=15478100
Worker 60: Fatigue=0.0, TimeUsed=0, TimeIdle=7572900
Worker 61: Fatigue=0.0, TimeUsed=0, TimeIdle=7466000
Worker 62: Fatigue=0.0, TimeUsed=0, TimeIdle=15145000
Worker 63: Fatigue=0.0, TimeUsed=0, TimeIdle=15008600
Worker 64: Fatigue=0.0, TimeUsed=0, TimeIdle=7073200
Worker 65: Fatigue=0.0, TimeUsed=0, TimeIdle=6961500
Worker 66: Fatigue=0.0, TimeUsed=0, TimeIdle=14673300
Worker 67: Fatigue=0.0, TimeUsed=0, TimeIdle=14589400
Worker 68: Fatigue=0.0, TimeUsed=0, TimeIdle=6666300
Worker 69: Fatigue=0.0, TimeUsed=0, TimeIdle=6588600
Worker 70: Fatigue=0.0, TimeUsed=0, TimeIdle=14289000
Worker 71: Fatigue=0.0, TimeUsed=0, TimeIdle=14204700
Worker 72: Fatigue=0.0, TimeUsed=0, TimeIdle=6254300
Worker 73: Fatigue=0.0, TimeUsed=0, TimeIdle=22030900
Worker 74: Fatigue=0.0, TimeUsed=0, TimeIdle=16664200
Worker 75: Fatigue=0.0, TimeUsed=0, TimeIdle=16542300
Worker 76: Fatigue=0.0, TimeUsed=0, TimeIdle=21745000
Worker 77: Fatigue=0.0, TimeUsed=0, TimeIdle=21665500
Worker 78: Fatigue=0.0, TimeUsed=0, TimeIdle=16278900
Worker 79: Fatigue=0.0, TimeUsed=0, TimeIdle=16177700
Worker 80: Fatigue=0.0, TimeUsed=0, TimeIdle=21314300
Worker 81: Fatigue=0.0, TimeUsed=0, TimeIdle=21228200
Worker 82: Fatigue=0.0, TimeUsed=0, TimeIdle=15825000
Worker 83: Fatigue=0.0, TimeUsed=0, TimeIdle=15733100
Worker 84: Fatigue=0.0, TimeUsed=0, TimeIdle=20922800
Worker 85: Fatigue=0.0, TimeUsed=0, TimeIdle=20839800
Worker 86: Fatigue=0.0, TimeUsed=0, TimeIdle=15377700
Worker 87: Fatigue=0.0, TimeUsed=0, TimeIdle=15296600
Worker 88: Fatigue=0.0, TimeUsed=0, TimeIdle=20528900
Worker 89: Fatigue=0.0, TimeUsed=0, TimeIdle=20399200
Worker 90: Fatigue=0.0, TimeUsed=0, TimeIdle=14964900
Worker 91: Fatigue=0.0, TimeUsed=0, TimeIdle=14901100
Worker 92: Fatigue=0.0, TimeUsed=0, TimeIdle=20083100
Worker 93: Fatigue=0.0, TimeUsed=0, TimeIdle=19968100
Worker 94: Fatigue=0.0, TimeUsed=0, TimeIdle=14522800
Worker 95: Fatigue=0.0, TimeUsed=0, TimeIdle=14453800
Worker 96: Fatigue=0.0, TimeUsed=0, TimeIdle=19729700
Worker 97: Fatigue=0.0, TimeUsed=0, TimeIdle=19654300
Worker 98: Fatigue=0.0, TimeUsed=0, TimeIdle=14127700
Worker 99: Fatigue=21960.31032442779, TimeUsed=23200, TimeIdle=14002000

]]></system-out>
  </testcase>
  <testcase name="testInterruption" classname="spl.lae.LinearAlgebraEngineTest" time="0.071">
    <system-out><![CDATA[Starting execution with 2 threads...
Computation finished successfully in 40ms.
--- Worker Activity Report ---
Worker 0: Fatigue=2482109.9841983346, TimeUsed=2593000, TimeIdle=36759400
Worker 1: Fatigue=2485211.9097755677, TimeUsed=1842700, TimeIdle=37427700

]]></system-out>
  </testcase>
  <testcase name="testFourNestedMatrices" classname="spl.lae.LinearAlgebraEngineTest" time="0.005">
    <system-out><![CDATA[Starting execution with 4 threads...
Computation finished successfully in 2ms.
--- Worker Activity Report ---
Worker 0: Fatigue=23196.229110212706, TimeUsed=19600, TimeIdle=1234700
Worker 1: Fatigue=3110.7482570692187, TimeUsed=5300, TimeIdle=1066900
Worker 2: Fatigue=0.0, TimeUsed=0, TimeIdle=995200
Worker 3: Fatigue=9189.23109609875, TimeUsed=8900, TimeIdle=867100

]]></system-out>
  </testcase>
  <testcase name="testTwiceNesting" classname="spl.lae.LinearAlgebraEngineTest" time="0.005">
    <system-out><![CDATA[Starting execution with 4 threads...
Computation finished successfully in 1ms.
--- Worker Activity Report ---
Worker 0: Fatigue=6996.307076872588, TimeUsed=8700, TimeIdle=1259200
Worker 1: Fatigue=2588.7162726583238, TimeUsed=3100, TimeIdle=1128000
Worker 2: Fatigue=32168.404599222904, TimeUsed=22500, TimeIdle=969100
Worker 3: Fatigue=2467.218905838448, TimeUsed=3200, TimeIdle=889400

]]></system-out>
  </testcase>
  <testcase name="testMatrixWithNullValues" classname="spl.lae.LinearAlgebraEngineTest" time="0.005">
    <system-out><![CDATA[Starting execution with 2 threads...
Computation finished successfully in 1ms.
--- Worker Activity Report ---
Worker 0: Fatigue=12007.891669808294, TimeUsed=13800, TimeIdle=1178000
Worker 1: Fatigue=0.0, TimeUsed=0, TimeIdle=1030200

]]></system-out>
  </testcase>
  <testcase name="testIncorrectFilePaths" classname="spl.lae.LinearAlgebraEngineTest" time="0.008">
    <system-out><![CDATA[Starting execution with 2 threads...
Starting execution with 2 threads...
]]></system-out>
    <system-err><![CDATA[An error occurred: Failed to read the input JSON file: C:\Users\User\AppData\Local\Temp\junit6982490066479862262\ghost.json (The system cannot find the file specified)
java.text.ParseException: Failed to read the input JSON file: C:\Users\User\AppData\Local\Temp\junit6982490066479862262\ghost.json (The system cannot find the file specified)
	at parser.InputParser.parse(InputParser.java:23)
	at spl.lae.Main.main(Main.java:31)
	at spl.lae.LinearAlgebraEngineTest.testIncorrectFilePaths(LinearAlgebraEngineTest.java:268)
	at java.base/jdk.internal.reflect.DirectMethodHandleAccessor.invoke(DirectMethodHandleAccessor.java:103)
	at java.base/java.lang.reflect.Method.invoke(Method.java:580)
	at org.junit.platform.commons.util.ReflectionUtils.invokeMethod(ReflectionUtils.java:728)
	at org.junit.jupiter.engine.execution.MethodInvocation.proceed(MethodInvocation.java:60)
	at org.junit.jupiter.engine.execution.InvocationInterceptorChain$ValidatingInvocation.proceed(InvocationInterceptorChain.java:131)
	at org.junit.jupiter.engine.extension.TimeoutExtension.intercept(TimeoutExtension.java:156)
	at org.junit.jupiter.engine.extension.TimeoutExtension.interceptTestableMethod(TimeoutExtension.java:147)
	at org.junit.jupiter.engine.extension.TimeoutExtension.interceptTestMethod(TimeoutExtension.java:86)
	at org.junit.jupiter.engine.execution.InterceptingExecutableInvoker$ReflectiveInterceptorCall.lambda$ofVoidMethod$0(InterceptingExecutableInvoker.java:103)
	at org.junit.jupiter.engine.execution.InterceptingExecutableInvoker.lambda$invoke$0(InterceptingExecutableInvoker.java:93)
	at org.junit.jupiter.engine.execution.InvocationInterceptorChain$InterceptedInvocation.proceed(InvocationInterceptorChain.java:106)
	at org.junit.jupiter.engine.execution.InvocationInterceptorChain.proceed(InvocationInterceptorChain.java:64)
	at org.junit.jupiter.engine.execution.InvocationInterceptorChain.chainAndInvoke(InvocationInterceptorChain.java:45)
	at org.junit.jupiter.engine.execution.InvocationInterceptorChain.invoke(InvocationInterceptorChain.java:37)
	at org.junit.jupiter.engine.execution.InterceptingExecutableInvoker.invoke(InterceptingExecutableInvoker.java:92)
	at org.junit.jupiter.engine.execution.InterceptingExecutableInvoker.invoke(InterceptingExecutableInvoker.java:86)
	at org.junit.jupiter.engine.descriptor.TestMethodTestDescriptor.lambda$invokeTestMethod$7(TestMethodTestDescriptor.java:218)
	at org.junit.platform.engine.support.hierarchical.ThrowableCollector.execute(ThrowableCollector.java:73)
	at org.junit.jupiter.engine.descriptor.TestMethodTestDescriptor.invokeTestMethod(TestMethodTestDescriptor.java:214)
	at org.junit.jupiter.engine.descriptor.TestMethodTestDescriptor.execute(TestMethodTestDescriptor.java:139)
	at org.junit.jupiter.engine.descriptor.TestMethodTestDescriptor.execute(TestMethodTestDescriptor.java:69)
	at org.junit.platform.engine.support.hierarchical.NodeTestTask.lambda$executeRecursively$6(NodeTestTask.java:151)
	at org.junit.platform.engine.support.hierarchical.ThrowableCollector.execute(ThrowableCollector.java:73)
	at org.junit.platform.engine.support.hierarchical.NodeTestTask.lambda$executeRecursively$8(NodeTestTask.java:141)
	at org.junit.platform.engine.support.hierarchical.Node.around(Node.java:137)
	at org.junit.platform.engine.support.hierarchical.NodeTestTask.lambda$executeRecursively$9(NodeTestTask.java:139)
	at org.junit.platform.engine.support.hierarchical.ThrowableCollector.execute(ThrowableCollector.java:73)
	at org.junit.platform.engine.support.hierarchical.NodeTestTask.executeRecursively(NodeTestTask.java:138)
	at org.junit.platform.engine.support.hierarchical.NodeTestTask.execute(NodeTestTask.java:95)
	at java.base/java.util.ArrayList.forEach(ArrayList.java:1597)
	at org.junit.platform.engine.support.hierarchical.SameThreadHierarchicalTestExecutorService.invokeAll(SameThreadHierarchicalTestExecutorService.java:41)
	at org.junit.platform.engine.support.hierarchical.NodeTestTask.lambda$executeRecursively$6(NodeTestTask.java:155)
	at org.junit.platform.engine.support.hierarchical.ThrowableCollector.execute(ThrowableCollector.java:73)
	at org.junit.platform.engine.support.hierarchical.NodeTestTask.lambda$executeRecursively$8(NodeTestTask.java:141)
	at org.junit.platform.engine.support.hierarchical.Node.around(Node.java:137)
	at org.junit.platform.engine.support.hierarchical.NodeTestTask.lambda$executeRecursively$9(NodeTestTask.java:139)
	at org.junit.platform.engine.support.hierarchical.ThrowableCollector.execute(ThrowableCollector.java:73)
	at org.junit.platform.engine.support.hierarchical.NodeTestTask.executeRecursively(NodeTestTask.java:138)
	at org.junit.platform.engine.support.hierarchical.NodeTestTask.execute(NodeTestTask.java:95)
	at java.base/java.util.ArrayList.forEach(ArrayList.java:1597)
	at org.junit.platform.engine.support.hierarchical.SameThreadHierarchicalTestExecutorService.invokeAll(SameThreadHierarchicalTestExecutorService.java:41)
	at org.junit.platform.engine.support.hierarchical.NodeTestTask.lambda$executeRecursively$6(NodeTestTask.java:155)
	at org.junit.platform.engine.support.hierarchical.ThrowableCollector.execute(ThrowableCollector.java:73)
	at org.junit.platform.engine.support.hierarchical.NodeTestTask.lambda$executeRecursively$8(NodeTestTask.java:141)
	at org.junit.platform.engine.support.hierarchical.Node.around(Node.java:137)
	at org.junit.platform.engine.support.hierarchical.NodeTestTask.lambda$executeRecursively$9(NodeTestTask.java:139)
	at org.junit.platform.engine.support.hierarchical.ThrowableCollector.execute(ThrowableCollector.java:73)
	at org.junit.platform.engine.support.hierarchical.NodeTestTask.executeRecursively(NodeTestTask.java:138)
	at org.junit.platform.engine.support.hierarchical.NodeTestTask.execute(NodeTestTask.java:95)
	at org.junit.platform.engine.support.hierarchical.SameThreadHierarchicalTestExecutorService.submit(SameThreadHierarchicalTestExecutorService.java:35)
	at org.junit.platform.engine.support.hierarchical.HierarchicalTestExecutor.execute(HierarchicalTestExecutor.java:57)
	at org.junit.platform.engine.support.hierarchical.HierarchicalTestEngine.execute(HierarchicalTestEngine.java:54)
	at org.junit.platform.launcher.core.EngineExecutionOrchestrator.execute(EngineExecutionOrchestrator.java:198)
	at org.junit.platform.launcher.core.EngineExecutionOrchestrator.execute(EngineExecutionOrchestrator.java:169)
	at org.junit.platform.launcher.core.EngineExecutionOrchestrator.execute(EngineExecutionOrchestrator.java:93)
	at org.junit.platform.launcher.core.EngineExecutionOrchestrator.lambda$execute$0(EngineExecutionOrchestrator.java:58)
	at org.junit.platform.launcher.core.EngineExecutionOrchestrator.withInterceptedStreams(EngineExecutionOrchestrator.java:141)
	at org.junit.platform.launcher.core.EngineExecutionOrchestrator.execute(EngineExecutionOrchestrator.java:57)
	at org.junit.platform.launcher.core.DefaultLauncher.execute(DefaultLauncher.java:103)
	at org.junit.platform.launcher.core.DefaultLauncher.execute(DefaultLauncher.java:85)
	at org.junit.platform.launcher.core.DelegatingLauncher.execute(DelegatingLauncher.java:47)
	at org.apache.maven.surefire.junitplatform.LazyLauncher.execute(LazyLauncher.java:56)
	at org.apache.maven.surefire.junitplatform.JUnitPlatformProvider.execute(JUnitPlatformProvider.java:184)
	at org.apache.maven.surefire.junitplatform.JUnitPlatformProvider.invokeAllTests(JUnitPlatformProvider.java:148)
	at org.apache.maven.surefire.junitplatform.JUnitPlatformProvider.invoke(JUnitPlatformProvider.java:122)
	at org.apache.maven.surefire.booter.ForkedBooter.runSuitesInProcess(ForkedBooter.java:385)
	at org.apache.maven.surefire.booter.ForkedBooter.execute(ForkedBooter.java:162)
	at org.apache.maven.surefire.booter.ForkedBooter.run(ForkedBooter.java:507)
	at org.apache.maven.surefire.booter.ForkedBooter.main(ForkedBooter.java:495)
An error occurred: C:\Users\User\AppData\Local\Temp\junit6982490066479862262 (Access is denied)
java.io.FileNotFoundException: C:\Users\User\AppData\Local\Temp\junit6982490066479862262 (Access is denied)
	at java.base/java.io.FileOutputStream.open0(Native Method)
	at java.base/java.io.FileOutputStream.open(FileOutputStream.java:295)
	at java.base/java.io.FileOutputStream.<init>(FileOutputStream.java:237)
	at java.base/java.io.FileOutputStream.<init>(FileOutputStream.java:185)
	at com.fasterxml.jackson.core.TokenStreamFactory._fileOutputStream(TokenStreamFactory.java:334)
	at com.fasterxml.jackson.core.JsonFactory.createGenerator(JsonFactory.java:1558)
	at com.fasterxml.jackson.databind.ObjectWriter.createGenerator(ObjectWriter.java:764)
	at com.fasterxml.jackson.databind.ObjectWriter.writeValue(ObjectWriter.java:1081)
	at parser.OutputWriter.write(OutputWriter.java:26)
	at spl.lae.Main.main(Main.java:40)
	at spl.lae.LinearAlgebraEngineTest.lambda$testIncorrectFilePaths$1(LinearAlgebraEngineTest.java:283)
	at org.junit.jupiter.api.AssertThrows.assertThrows(AssertThrows.java:53)
	at org.junit.jupiter.api.AssertThrows.assertThrows(AssertThrows.java:39)
	at org.junit.jupiter.api.Assertions.assertThrows(Assertions.java:3131)
	at spl.lae.LinearAlgebraEngineTest.testIncorrectFilePaths(LinearAlgebraEngineTest.java:282)
	at java.base/jdk.internal.reflect.DirectMethodHandleAccessor.invoke(DirectMethodHandleAccessor.java:103)
	at java.base/java.lang.reflect.Method.invoke(Method.java:580)
	at org.junit.platform.commons.util.ReflectionUtils.invokeMethod(ReflectionUtils.java:728)
	at org.junit.jupiter.engine.execution.MethodInvocation.proceed(MethodInvocation.java:60)
	at org.junit.jupiter.engine.execution.InvocationInterceptorChain$ValidatingInvocation.proceed(InvocationInterceptorChain.java:131)
	at org.junit.jupiter.engine.extension.TimeoutExtension.intercept(TimeoutExtension.java:156)
	at org.junit.jupiter.engine.extension.TimeoutExtension.interceptTestableMethod(TimeoutExtension.java:147)
	at org.junit.jupiter.engine.extension.TimeoutExtension.interceptTestMethod(TimeoutExtension.java:86)
	at org.junit.jupiter.engine.execution.InterceptingExecutableInvoker$ReflectiveInterceptorCall.lambda$ofVoidMethod$0(InterceptingExecutableInvoker.java:103)
	at org.junit.jupiter.engine.execution.InterceptingExecutableInvoker.lambda$invoke$0(InterceptingExecutableInvoker.java:93)
	at org.junit.jupiter.engine.execution.InvocationInterceptorChain$InterceptedInvocation.proceed(InvocationInterceptorChain.java:106)
	at org.junit.jupiter.engine.execution.InvocationInterceptorChain.proceed(InvocationInterceptorChain.java:64)
	at org.junit.jupiter.engine.execution.InvocationInterceptorChain.chainAndInvoke(InvocationInterceptorChain.java:45)
	at org.junit.jupiter.engine.execution.InvocationInterceptorChain.invoke(InvocationInterceptorChain.java:37)
	at org.junit.jupiter.engine.execution.InterceptingExecutableInvoker.invoke(InterceptingExecutableInvoker.java:92)
	at org.junit.jupiter.engine.execution.InterceptingExecutableInvoker.invoke(InterceptingExecutableInvoker.java:86)
	at org.junit.jupiter.engine.descriptor.TestMethodTestDescriptor.lambda$invokeTestMethod$7(TestMethodTestDescriptor.java:218)
	at org.junit.platform.engine.support.hierarchical.ThrowableCollector.execute(ThrowableCollector.java:73)
	at org.junit.jupiter.engine.descriptor.TestMethodTestDescriptor.invokeTestMethod(TestMethodTestDescriptor.java:214)
	at org.junit.jupiter.engine.descriptor.TestMethodTestDescriptor.execute(TestMethodTestDescriptor.java:139)
	at org.junit.jupiter.engine.descriptor.TestMethodTestDescriptor.execute(TestMethodTestDescriptor.java:69)
	at org.junit.platform.engine.support.hierarchical.NodeTestTask.lambda$executeRecursively$6(NodeTestTask.java:151)
	at org.junit.platform.engine.support.hierarchical.ThrowableCollector.execute(ThrowableCollector.java:73)
	at org.junit.platform.engine.support.hierarchical.NodeTestTask.lambda$executeRecursively$8(NodeTestTask.java:141)
	at org.junit.platform.engine.support.hierarchical.Node.around(Node.java:137)
	at org.junit.platform.engine.support.hierarchical.NodeTestTask.lambda$executeRecursively$9(NodeTestTask.java:139)
	at org.junit.platform.engine.support.hierarchical.ThrowableCollector.execute(ThrowableCollector.java:73)
	at org.junit.platform.engine.support.hierarchical.NodeTestTask.executeRecursively(NodeTestTask.java:138)
	at org.junit.platform.engine.support.hierarchical.NodeTestTask.execute(NodeTestTask.java:95)
	at java.base/java.util.ArrayList.forEach(ArrayList.java:1597)
	at org.junit.platform.engine.support.hierarchical.SameThreadHierarchicalTestExecutorService.invokeAll(SameThreadHierarchicalTestExecutorService.java:41)
	at org.junit.platform.engine.support.hierarchical.NodeTestTask.lambda$executeRecursively$6(NodeTestTask.java:155)
	at org.junit.platform.engine.support.hierarchical.ThrowableCollector.execute(ThrowableCollector.java:73)
	at org.junit.platform.engine.support.hierarchical.NodeTestTask.lambda$executeRecursively$8(NodeTestTask.java:141)
	at org.junit.platform.engine.support.hierarchical.Node.around(Node.java:137)
	at org.junit.platform.engine.support.hierarchical.NodeTestTask.lambda$executeRecursively$9(NodeTestTask.java:139)
	at org.junit.platform.engine.support.hierarchical.ThrowableCollector.execute(ThrowableCollector.java:73)
	at org.junit.platform.engine.support.hierarchical.NodeTestTask.executeRecursively(NodeTestTask.java:138)
	at org.junit.platform.engine.support.hierarchical.NodeTestTask.execute(NodeTestTask.java:95)
	at java.base/java.util.ArrayList.forEach(ArrayList.java:1597)
	at org.junit.platform.engine.support.hierarchical.SameThreadHierarchicalTestExecutorService.invokeAll(SameThreadHierarchicalTestExecutorService.java:41)
	at org.junit.platform.engine.support.hierarchical.NodeTestTask.lambda$executeRecursively$6(NodeTestTask.java:155)
	at org.junit.platform.engine.support.hierarchical.ThrowableCollector.execute(ThrowableCollector.java:73)
	at org.junit.platform.engine.support.hierarchical.NodeTestTask.lambda$executeRecursively$8(NodeTestTask.java:141)
	at org.junit.platform.engine.support.hierarchical.Node.around(Node.java:137)
	at org.junit.platform.engine.support.hierarchical.NodeTestTask.lambda$executeRecursively$9(NodeTestTask.java:139)
	at org.junit.platform.engine.support.hierarchical.ThrowableCollector.execute(ThrowableCollector.java:73)
	at org.junit.platform.engine.support.hierarchical.NodeTestTask.executeRecursively(NodeTestTask.java:138)
	at org.junit.platform.engine.support.hierarchical.NodeTestTask.execute(NodeTestTask.java:95)
	at org.junit.platform.engine.support.hierarchical.SameThreadHierarchicalTestExecutorService.submit(SameThreadHierarchicalTestExecutorService.java:35)
	at org.junit.platform.engine.support.hierarchical.HierarchicalTestExecutor.execute(HierarchicalTestExecutor.java:57)
	at org.junit.platform.engine.support.hierarchical.HierarchicalTestEngine.execute(HierarchicalTestEngine.java:54)
	at org.junit.platform.launcher.core.EngineExecutionOrchestrator.execute(EngineExecutionOrchestrator.java:198)
	at org.junit.platform.launcher.core.EngineExecutionOrchestrator.execute(EngineExecutionOrchestrator.java:169)
	at org.junit.platform.launcher.core.EngineExecutionOrchestrator.execute(EngineExecutionOrchestrator.java:93)
	at org.junit.platform.launcher.core.EngineExecutionOrchestrator.lambda$execute$0(EngineExecutionOrchestrator.java:58)
	at org.junit.platform.launcher.core.EngineExecutionOrchestrator.withInterceptedStreams(EngineExecutionOrchestrator.java:141)
	at org.junit.platform.launcher.core.EngineExecutionOrchestrator.execute(EngineExecutionOrchestrator.java:57)
	at org.junit.platform.launcher.core.DefaultLauncher.execute(DefaultLauncher.java:103)
	at org.junit.platform.launcher.core.DefaultLauncher.execute(DefaultLauncher.java:85)
	at org.junit.platform.launcher.core.DelegatingLauncher.execute(DelegatingLauncher.java:47)
	at org.apache.maven.surefire.junitplatform.LazyLauncher.execute(LazyLauncher.java:56)
	at org.apache.maven.surefire.junitplatform.JUnitPlatformProvider.execute(JUnitPlatformProvider.java:184)
	at org.apache.maven.surefire.junitplatform.JUnitPlatformProvider.invokeAllTests(JUnitPlatformProvider.java:148)
	at org.apache.maven.surefire.junitplatform.JUnitPlatformProvider.invoke(JUnitPlatformProvider.java:122)
	at org.apache.maven.surefire.booter.ForkedBooter.runSuitesInProcess(ForkedBooter.java:385)
	at org.apache.maven.surefire.booter.ForkedBooter.execute(ForkedBooter.java:162)
	at org.apache.maven.surefire.booter.ForkedBooter.run(ForkedBooter.java:507)
	at org.apache.maven.surefire.booter.ForkedBooter.main(ForkedBooter.java:495)
Failed to write error to output file.
]]></system-err>
  </testcase>
</testsuite>